2023-11-11 12:49:29.538  INFO 50977 --- [main] c.e.l.LibraryServiceApplication          : Starting LibraryServiceApplication using Java 18.0.2 on MacBook-Pro.attlocal.net with PID 50977 (/Users/laurenceadams/programming/scaling-sniffle/library-service/target/classes started by laurenceadams in /Users/laurenceadams/programming/scaling-sniffle/library-service)
2023-11-11 12:49:29.540  INFO 50977 --- [main] c.e.l.LibraryServiceApplication          : No active profile set, falling back to 1 default profile: "default"
2023-11-11 12:49:30.631  INFO 50977 --- [main] .s.d.r.c.RepositoryConfigurationDelegate : Bootstrapping Spring Data JPA repositories in DEFAULT mode.
2023-11-11 12:49:30.747  INFO 50977 --- [main] .s.d.r.c.RepositoryConfigurationDelegate : Finished Spring Data repository scanning in 111 ms. Found 1 JPA repository interfaces.
2023-11-11 12:49:31.278  INFO 50977 --- [main] o.s.b.w.embedded.tomcat.TomcatWebServer  : Tomcat initialized with port(s): 8080 (http)
2023-11-11 12:49:31.285  INFO 50977 --- [main] o.apache.catalina.core.StandardService   : Starting service [Tomcat]
2023-11-11 12:49:31.285  INFO 50977 --- [main] org.apache.catalina.core.StandardEngine  : Starting Servlet engine: [Apache Tomcat/9.0.82]
2023-11-11 12:49:31.496  INFO 50977 --- [main] o.a.c.c.C.[Tomcat].[localhost].[/]       : Initializing Spring embedded WebApplicationContext
2023-11-11 12:49:31.497  INFO 50977 --- [main] w.s.c.ServletWebServerApplicationContext : Root WebApplicationContext: initialization completed in 1867 ms
2023-11-11 12:49:31.711  INFO 50977 --- [main] com.zaxxer.hikari.HikariDataSource       : HikariPool-1 - Starting...
2023-11-11 12:49:31.723  WARN 50977 --- [main] com.zaxxer.hikari.util.DriverDataSource  : Registered driver with driverClassName=com.mysql.jdbc.Driver was not found, trying direct instantiation.
2023-11-11 12:49:32.099  INFO 50977 --- [main] com.zaxxer.hikari.HikariDataSource       : HikariPool-1 - Start completed.
2023-11-11 12:49:32.231  INFO 50977 --- [main] o.hibernate.jpa.internal.util.LogHelper  : HHH000204: Processing PersistenceUnitInfo [name: default]
2023-11-11 12:49:32.265  INFO 50977 --- [main] org.hibernate.Version                    : HHH000412: Hibernate ORM core version 5.6.15.Final
2023-11-11 12:49:32.385  INFO 50977 --- [main] o.hibernate.annotations.common.Version   : HCANN000001: Hibernate Commons Annotations {5.1.2.Final}
2023-11-11 12:49:32.452  INFO 50977 --- [main] org.hibernate.dialect.Dialect            : HHH000400: Using dialect: org.hibernate.dialect.MySQL5InnoDBDialect
2023-11-11 12:49:32.967  INFO 50977 --- [main] o.h.e.t.j.p.i.JtaPlatformInitiator       : HHH000490: Using JtaPlatform implementation: [org.hibernate.engine.transaction.jta.platform.internal.NoJtaPlatform]
2023-11-11 12:49:32.974  INFO 50977 --- [main] j.LocalContainerEntityManagerFactoryBean : Initialized JPA EntityManagerFactory for persistence unit 'default'
2023-11-11 12:49:32.998  WARN 50977 --- [main] ConfigServletWebServerApplicationContext : Exception encountered during context initialization - cancelling refresh attempt: org.springframework.beans.factory.UnsatisfiedDependencyException: Error creating bean with name 'libraryController': Unsatisfied dependency expressed through field 'repository'; nested exception is org.springframework.beans.factory.UnsatisfiedDependencyException: Error creating bean with name 'libraryRepositoryImpl': Unsatisfied dependency expressed through field 'repository'; nested exception is org.springframework.beans.factory.BeanCurrentlyInCreationException: Error creating bean with name 'libraryRepositoryImpl': Requested bean is currently in creation: Is there an unresolvable circular reference?
2023-11-11 12:49:32.998  INFO 50977 --- [main] j.LocalContainerEntityManagerFactoryBean : Closing JPA EntityManagerFactory for persistence unit 'default'
2023-11-11 12:49:33.000  INFO 50977 --- [main] com.zaxxer.hikari.HikariDataSource       : HikariPool-1 - Shutdown initiated...
2023-11-11 12:49:33.009  INFO 50977 --- [main] com.zaxxer.hikari.HikariDataSource       : HikariPool-1 - Shutdown completed.
2023-11-11 12:49:33.012  INFO 50977 --- [main] o.apache.catalina.core.StandardService   : Stopping service [Tomcat]
2023-11-11 12:49:33.034  INFO 50977 --- [main] ConditionEvaluationReportLoggingListener : 

Error starting ApplicationContext. To display the conditions report re-run your application with 'debug' enabled.
2023-11-11 12:49:33.047 ERROR 50977 --- [main] o.s.b.d.LoggingFailureAnalysisReporter   : 

***************************
APPLICATION FAILED TO START
***************************

Description:

The dependencies of some of the beans in the application context form a cycle:

   libraryController (field com.example.libraryservice.repository.LibraryRepository com.example.libraryservice.controller.LibraryController.repository)
┌─────┐
|  libraryRepositoryImpl (field com.example.libraryservice.repository.LibraryRepository com.example.libraryservice.repository.LibraryRepositoryImpl.repository)
└─────┘


Action:

Relying upon circular references is discouraged and they are prohibited by default. Update your application to remove the dependency cycle between beans. As a last resort, it may be possible to break the cycle automatically by setting spring.main.allow-circular-references to true.

2023-11-11 12:50:47.707  INFO 51077 --- [main] c.e.l.LibraryServiceApplication          : Starting LibraryServiceApplication using Java 18.0.2 on MacBook-Pro.attlocal.net with PID 51077 (/Users/laurenceadams/programming/scaling-sniffle/library-service/target/classes started by laurenceadams in /Users/laurenceadams/programming/scaling-sniffle/library-service)
2023-11-11 12:50:47.710  INFO 51077 --- [main] c.e.l.LibraryServiceApplication          : No active profile set, falling back to 1 default profile: "default"
2023-11-11 12:50:48.701  INFO 51077 --- [main] .s.d.r.c.RepositoryConfigurationDelegate : Bootstrapping Spring Data JPA repositories in DEFAULT mode.
2023-11-11 12:50:48.817  INFO 51077 --- [main] .s.d.r.c.RepositoryConfigurationDelegate : Finished Spring Data repository scanning in 110 ms. Found 1 JPA repository interfaces.
2023-11-11 12:50:49.348  INFO 51077 --- [main] o.s.b.w.embedded.tomcat.TomcatWebServer  : Tomcat initialized with port(s): 8080 (http)
2023-11-11 12:50:49.355  INFO 51077 --- [main] o.apache.catalina.core.StandardService   : Starting service [Tomcat]
2023-11-11 12:50:49.355  INFO 51077 --- [main] org.apache.catalina.core.StandardEngine  : Starting Servlet engine: [Apache Tomcat/9.0.82]
2023-11-11 12:50:49.566  INFO 51077 --- [main] o.a.c.c.C.[Tomcat].[localhost].[/]       : Initializing Spring embedded WebApplicationContext
2023-11-11 12:50:49.566  INFO 51077 --- [main] w.s.c.ServletWebServerApplicationContext : Root WebApplicationContext: initialization completed in 1771 ms
2023-11-11 12:50:49.796  INFO 51077 --- [main] com.zaxxer.hikari.HikariDataSource       : HikariPool-1 - Starting...
2023-11-11 12:50:49.808  WARN 51077 --- [main] com.zaxxer.hikari.util.DriverDataSource  : Registered driver with driverClassName=com.mysql.jdbc.Driver was not found, trying direct instantiation.
2023-11-11 12:50:50.129  INFO 51077 --- [main] com.zaxxer.hikari.HikariDataSource       : HikariPool-1 - Start completed.
2023-11-11 12:50:50.330  INFO 51077 --- [main] o.hibernate.jpa.internal.util.LogHelper  : HHH000204: Processing PersistenceUnitInfo [name: default]
2023-11-11 12:50:50.365  INFO 51077 --- [main] org.hibernate.Version                    : HHH000412: Hibernate ORM core version 5.6.15.Final
2023-11-11 12:50:50.474  INFO 51077 --- [main] o.hibernate.annotations.common.Version   : HCANN000001: Hibernate Commons Annotations {5.1.2.Final}
2023-11-11 12:50:50.556  INFO 51077 --- [main] org.hibernate.dialect.Dialect            : HHH000400: Using dialect: org.hibernate.dialect.MySQL5InnoDBDialect
2023-11-11 12:50:50.935  INFO 51077 --- [main] o.h.e.t.j.p.i.JtaPlatformInitiator       : HHH000490: Using JtaPlatform implementation: [org.hibernate.engine.transaction.jta.platform.internal.NoJtaPlatform]
2023-11-11 12:50:50.945  INFO 51077 --- [main] j.LocalContainerEntityManagerFactoryBean : Initialized JPA EntityManagerFactory for persistence unit 'default'
2023-11-11 12:50:50.976  WARN 51077 --- [main] ConfigServletWebServerApplicationContext : Exception encountered during context initialization - cancelling refresh attempt: org.springframework.beans.factory.UnsatisfiedDependencyException: Error creating bean with name 'libraryController': Unsatisfied dependency expressed through field 'repository'; nested exception is org.springframework.beans.factory.UnsatisfiedDependencyException: Error creating bean with name 'libraryRepositoryImpl' defined in file [/Users/laurenceadams/programming/scaling-sniffle/library-service/target/classes/com/example/libraryservice/repository/LibraryRepositoryImpl.class]: Unsatisfied dependency expressed through constructor parameter 0; nested exception is org.springframework.beans.factory.BeanCurrentlyInCreationException: Error creating bean with name 'libraryRepositoryImpl': Requested bean is currently in creation: Is there an unresolvable circular reference?
2023-11-11 12:50:50.977  INFO 51077 --- [main] j.LocalContainerEntityManagerFactoryBean : Closing JPA EntityManagerFactory for persistence unit 'default'
2023-11-11 12:50:50.979  INFO 51077 --- [main] com.zaxxer.hikari.HikariDataSource       : HikariPool-1 - Shutdown initiated...
2023-11-11 12:50:50.993  INFO 51077 --- [main] com.zaxxer.hikari.HikariDataSource       : HikariPool-1 - Shutdown completed.
2023-11-11 12:50:50.996  INFO 51077 --- [main] o.apache.catalina.core.StandardService   : Stopping service [Tomcat]
2023-11-11 12:50:51.014  INFO 51077 --- [main] ConditionEvaluationReportLoggingListener : 

Error starting ApplicationContext. To display the conditions report re-run your application with 'debug' enabled.
2023-11-11 12:50:51.026 ERROR 51077 --- [main] o.s.b.d.LoggingFailureAnalysisReporter   : 

***************************
APPLICATION FAILED TO START
***************************

Description:

The dependencies of some of the beans in the application context form a cycle:

   libraryController (field com.example.libraryservice.repository.LibraryRepository com.example.libraryservice.controller.LibraryController.repository)
┌─────┐
|  libraryRepositoryImpl defined in file [/Users/laurenceadams/programming/scaling-sniffle/library-service/target/classes/com/example/libraryservice/repository/LibraryRepositoryImpl.class]
└─────┘


Action:

Relying upon circular references is discouraged and they are prohibited by default. Update your application to remove the dependency cycle between beans. As a last resort, it may be possible to break the cycle automatically by setting spring.main.allow-circular-references to true.

2023-11-11 12:53:49.477  INFO 51230 --- [main] c.e.l.LibraryServiceApplication          : Starting LibraryServiceApplication using Java 18.0.2 on MacBook-Pro.attlocal.net with PID 51230 (/Users/laurenceadams/programming/scaling-sniffle/library-service/target/classes started by laurenceadams in /Users/laurenceadams/programming/scaling-sniffle/library-service)
2023-11-11 12:53:49.491  INFO 51230 --- [main] c.e.l.LibraryServiceApplication          : No active profile set, falling back to 1 default profile: "default"
2023-11-11 12:53:50.410  INFO 51230 --- [main] .s.d.r.c.RepositoryConfigurationDelegate : Bootstrapping Spring Data JPA repositories in DEFAULT mode.
2023-11-11 12:53:50.518  INFO 51230 --- [main] .s.d.r.c.RepositoryConfigurationDelegate : Finished Spring Data repository scanning in 102 ms. Found 1 JPA repository interfaces.
2023-11-11 12:53:51.052  INFO 51230 --- [main] o.s.b.w.embedded.tomcat.TomcatWebServer  : Tomcat initialized with port(s): 8080 (http)
2023-11-11 12:53:51.059  INFO 51230 --- [main] o.apache.catalina.core.StandardService   : Starting service [Tomcat]
2023-11-11 12:53:51.059  INFO 51230 --- [main] org.apache.catalina.core.StandardEngine  : Starting Servlet engine: [Apache Tomcat/9.0.82]
2023-11-11 12:53:51.242  INFO 51230 --- [main] o.a.c.c.C.[Tomcat].[localhost].[/]       : Initializing Spring embedded WebApplicationContext
2023-11-11 12:53:51.242  INFO 51230 --- [main] w.s.c.ServletWebServerApplicationContext : Root WebApplicationContext: initialization completed in 1679 ms
2023-11-11 12:53:51.465  INFO 51230 --- [main] com.zaxxer.hikari.HikariDataSource       : HikariPool-1 - Starting...
2023-11-11 12:53:51.476  WARN 51230 --- [main] com.zaxxer.hikari.util.DriverDataSource  : Registered driver with driverClassName=com.mysql.jdbc.Driver was not found, trying direct instantiation.
2023-11-11 12:53:51.826  INFO 51230 --- [main] com.zaxxer.hikari.HikariDataSource       : HikariPool-1 - Start completed.
2023-11-11 12:53:51.967  INFO 51230 --- [main] o.hibernate.jpa.internal.util.LogHelper  : HHH000204: Processing PersistenceUnitInfo [name: default]
2023-11-11 12:53:52.001  INFO 51230 --- [main] org.hibernate.Version                    : HHH000412: Hibernate ORM core version 5.6.15.Final
2023-11-11 12:53:52.109  INFO 51230 --- [main] o.hibernate.annotations.common.Version   : HCANN000001: Hibernate Commons Annotations {5.1.2.Final}
2023-11-11 12:53:52.173  INFO 51230 --- [main] org.hibernate.dialect.Dialect            : HHH000400: Using dialect: org.hibernate.dialect.MySQL5InnoDBDialect
2023-11-11 12:53:52.559  INFO 51230 --- [main] o.h.e.t.j.p.i.JtaPlatformInitiator       : HHH000490: Using JtaPlatform implementation: [org.hibernate.engine.transaction.jta.platform.internal.NoJtaPlatform]
2023-11-11 12:53:52.567  INFO 51230 --- [main] j.LocalContainerEntityManagerFactoryBean : Initialized JPA EntityManagerFactory for persistence unit 'default'
2023-11-11 12:53:52.591  WARN 51230 --- [main] ConfigServletWebServerApplicationContext : Exception encountered during context initialization - cancelling refresh attempt: org.springframework.beans.factory.UnsatisfiedDependencyException: Error creating bean with name 'libraryController': Unsatisfied dependency expressed through field 'repository'; nested exception is org.springframework.beans.factory.UnsatisfiedDependencyException: Error creating bean with name 'libraryRepositoryImpl' defined in file [/Users/laurenceadams/programming/scaling-sniffle/library-service/target/classes/com/example/libraryservice/repository/LibraryRepositoryImpl.class]: Unsatisfied dependency expressed through constructor parameter 0; nested exception is org.springframework.beans.factory.BeanCurrentlyInCreationException: Error creating bean with name 'libraryRepositoryImpl': Requested bean is currently in creation: Is there an unresolvable circular reference?
2023-11-11 12:53:52.591  INFO 51230 --- [main] j.LocalContainerEntityManagerFactoryBean : Closing JPA EntityManagerFactory for persistence unit 'default'
2023-11-11 12:53:52.593  INFO 51230 --- [main] com.zaxxer.hikari.HikariDataSource       : HikariPool-1 - Shutdown initiated...
2023-11-11 12:53:52.611  INFO 51230 --- [main] com.zaxxer.hikari.HikariDataSource       : HikariPool-1 - Shutdown completed.
2023-11-11 12:53:52.614  INFO 51230 --- [main] o.apache.catalina.core.StandardService   : Stopping service [Tomcat]
2023-11-11 12:53:52.635  INFO 51230 --- [main] ConditionEvaluationReportLoggingListener : 

Error starting ApplicationContext. To display the conditions report re-run your application with 'debug' enabled.
2023-11-11 12:53:52.646 ERROR 51230 --- [main] o.s.b.d.LoggingFailureAnalysisReporter   : 

***************************
APPLICATION FAILED TO START
***************************

Description:

The dependencies of some of the beans in the application context form a cycle:

   libraryController (field com.example.libraryservice.repository.LibraryRepository com.example.libraryservice.controller.LibraryController.repository)
┌─────┐
|  libraryRepositoryImpl defined in file [/Users/laurenceadams/programming/scaling-sniffle/library-service/target/classes/com/example/libraryservice/repository/LibraryRepositoryImpl.class]
└─────┘


Action:

Relying upon circular references is discouraged and they are prohibited by default. Update your application to remove the dependency cycle between beans. As a last resort, it may be possible to break the cycle automatically by setting spring.main.allow-circular-references to true.

2023-11-11 12:57:43.500  INFO 51361 --- [main] c.e.l.LibraryServiceApplication          : Starting LibraryServiceApplication using Java 18.0.2 on MacBook-Pro.attlocal.net with PID 51361 (/Users/laurenceadams/programming/scaling-sniffle/library-service/target/classes started by laurenceadams in /Users/laurenceadams/programming/scaling-sniffle/library-service)
2023-11-11 12:57:43.504  INFO 51361 --- [main] c.e.l.LibraryServiceApplication          : No active profile set, falling back to 1 default profile: "default"
2023-11-11 12:57:44.485  INFO 51361 --- [main] .s.d.r.c.RepositoryConfigurationDelegate : Bootstrapping Spring Data JPA repositories in DEFAULT mode.
2023-11-11 12:57:44.602  INFO 51361 --- [main] .s.d.r.c.RepositoryConfigurationDelegate : Finished Spring Data repository scanning in 111 ms. Found 1 JPA repository interfaces.
2023-11-11 12:57:45.119  INFO 51361 --- [main] o.s.b.w.embedded.tomcat.TomcatWebServer  : Tomcat initialized with port(s): 8080 (http)
2023-11-11 12:57:45.126  INFO 51361 --- [main] o.apache.catalina.core.StandardService   : Starting service [Tomcat]
2023-11-11 12:57:45.126  INFO 51361 --- [main] org.apache.catalina.core.StandardEngine  : Starting Servlet engine: [Apache Tomcat/9.0.82]
2023-11-11 12:57:45.347  INFO 51361 --- [main] o.a.c.c.C.[Tomcat].[localhost].[/]       : Initializing Spring embedded WebApplicationContext
2023-11-11 12:57:45.347  INFO 51361 --- [main] w.s.c.ServletWebServerApplicationContext : Root WebApplicationContext: initialization completed in 1753 ms
2023-11-11 12:57:45.569  INFO 51361 --- [main] com.zaxxer.hikari.HikariDataSource       : HikariPool-1 - Starting...
2023-11-11 12:57:45.579  WARN 51361 --- [main] com.zaxxer.hikari.util.DriverDataSource  : Registered driver with driverClassName=com.mysql.jdbc.Driver was not found, trying direct instantiation.
2023-11-11 12:57:45.883  INFO 51361 --- [main] com.zaxxer.hikari.HikariDataSource       : HikariPool-1 - Start completed.
2023-11-11 12:57:46.070  INFO 51361 --- [main] o.hibernate.jpa.internal.util.LogHelper  : HHH000204: Processing PersistenceUnitInfo [name: default]
2023-11-11 12:57:46.106  INFO 51361 --- [main] org.hibernate.Version                    : HHH000412: Hibernate ORM core version 5.6.15.Final
2023-11-11 12:57:46.214  INFO 51361 --- [main] o.hibernate.annotations.common.Version   : HCANN000001: Hibernate Commons Annotations {5.1.2.Final}
2023-11-11 12:57:46.283  INFO 51361 --- [main] org.hibernate.dialect.Dialect            : HHH000400: Using dialect: org.hibernate.dialect.MySQL5InnoDBDialect
2023-11-11 12:57:46.666  INFO 51361 --- [main] o.h.e.t.j.p.i.JtaPlatformInitiator       : HHH000490: Using JtaPlatform implementation: [org.hibernate.engine.transaction.jta.platform.internal.NoJtaPlatform]
2023-11-11 12:57:46.675  INFO 51361 --- [main] j.LocalContainerEntityManagerFactoryBean : Initialized JPA EntityManagerFactory for persistence unit 'default'
2023-11-11 12:57:46.698  WARN 51361 --- [main] ConfigServletWebServerApplicationContext : Exception encountered during context initialization - cancelling refresh attempt: org.springframework.beans.factory.UnsatisfiedDependencyException: Error creating bean with name 'libraryController': Unsatisfied dependency expressed through field 'repository'; nested exception is org.springframework.beans.factory.UnsatisfiedDependencyException: Error creating bean with name 'libraryRepositoryImpl' defined in file [/Users/laurenceadams/programming/scaling-sniffle/library-service/target/classes/com/example/libraryservice/repository/LibraryRepositoryImpl.class]: Unsatisfied dependency expressed through constructor parameter 0; nested exception is org.springframework.beans.factory.BeanCurrentlyInCreationException: Error creating bean with name 'libraryRepositoryImpl': Requested bean is currently in creation: Is there an unresolvable circular reference?
2023-11-11 12:57:46.699  INFO 51361 --- [main] j.LocalContainerEntityManagerFactoryBean : Closing JPA EntityManagerFactory for persistence unit 'default'
2023-11-11 12:57:46.701  INFO 51361 --- [main] com.zaxxer.hikari.HikariDataSource       : HikariPool-1 - Shutdown initiated...
2023-11-11 12:57:46.712  INFO 51361 --- [main] com.zaxxer.hikari.HikariDataSource       : HikariPool-1 - Shutdown completed.
2023-11-11 12:57:46.715  INFO 51361 --- [main] o.apache.catalina.core.StandardService   : Stopping service [Tomcat]
2023-11-11 12:57:46.734  INFO 51361 --- [main] ConditionEvaluationReportLoggingListener : 

Error starting ApplicationContext. To display the conditions report re-run your application with 'debug' enabled.
2023-11-11 12:57:46.745 ERROR 51361 --- [main] o.s.b.d.LoggingFailureAnalysisReporter   : 

***************************
APPLICATION FAILED TO START
***************************

Description:

The dependencies of some of the beans in the application context form a cycle:

   libraryController (field com.example.libraryservice.repository.LibraryRepository com.example.libraryservice.controller.LibraryController.repository)
┌─────┐
|  libraryRepositoryImpl defined in file [/Users/laurenceadams/programming/scaling-sniffle/library-service/target/classes/com/example/libraryservice/repository/LibraryRepositoryImpl.class]
└─────┘


Action:

Relying upon circular references is discouraged and they are prohibited by default. Update your application to remove the dependency cycle between beans. As a last resort, it may be possible to break the cycle automatically by setting spring.main.allow-circular-references to true.

2023-11-11 13:01:14.780  INFO 52131 --- [main] c.e.l.LibraryServiceApplication          : Starting LibraryServiceApplication using Java 18.0.2 on MacBook-Pro.attlocal.net with PID 52131 (/Users/laurenceadams/programming/scaling-sniffle/library-service/target/classes started by laurenceadams in /Users/laurenceadams/programming/scaling-sniffle/library-service)
2023-11-11 13:01:14.785  INFO 52131 --- [main] c.e.l.LibraryServiceApplication          : No active profile set, falling back to 1 default profile: "default"
2023-11-11 13:01:15.816  INFO 52131 --- [main] .s.d.r.c.RepositoryConfigurationDelegate : Bootstrapping Spring Data JPA repositories in DEFAULT mode.
2023-11-11 13:01:15.937  INFO 52131 --- [main] .s.d.r.c.RepositoryConfigurationDelegate : Finished Spring Data repository scanning in 116 ms. Found 1 JPA repository interfaces.
2023-11-11 13:01:16.502  INFO 52131 --- [main] o.s.b.w.embedded.tomcat.TomcatWebServer  : Tomcat initialized with port(s): 8080 (http)
2023-11-11 13:01:16.511  INFO 52131 --- [main] o.apache.catalina.core.StandardService   : Starting service [Tomcat]
2023-11-11 13:01:16.511  INFO 52131 --- [main] org.apache.catalina.core.StandardEngine  : Starting Servlet engine: [Apache Tomcat/9.0.82]
2023-11-11 13:01:16.704  INFO 52131 --- [main] o.a.c.c.C.[Tomcat].[localhost].[/]       : Initializing Spring embedded WebApplicationContext
2023-11-11 13:01:16.705  INFO 52131 --- [main] w.s.c.ServletWebServerApplicationContext : Root WebApplicationContext: initialization completed in 1835 ms
2023-11-11 13:01:16.941  INFO 52131 --- [main] com.zaxxer.hikari.HikariDataSource       : HikariPool-1 - Starting...
2023-11-11 13:01:16.956  WARN 52131 --- [main] com.zaxxer.hikari.util.DriverDataSource  : Registered driver with driverClassName=com.mysql.jdbc.Driver was not found, trying direct instantiation.
2023-11-11 13:01:17.315  INFO 52131 --- [main] com.zaxxer.hikari.HikariDataSource       : HikariPool-1 - Start completed.
2023-11-11 13:01:17.466  INFO 52131 --- [main] o.hibernate.jpa.internal.util.LogHelper  : HHH000204: Processing PersistenceUnitInfo [name: default]
2023-11-11 13:01:17.507  INFO 52131 --- [main] org.hibernate.Version                    : HHH000412: Hibernate ORM core version 5.6.15.Final
2023-11-11 13:01:17.629  INFO 52131 --- [main] o.hibernate.annotations.common.Version   : HCANN000001: Hibernate Commons Annotations {5.1.2.Final}
2023-11-11 13:01:17.696  INFO 52131 --- [main] org.hibernate.dialect.Dialect            : HHH000400: Using dialect: org.hibernate.dialect.MySQL5InnoDBDialect
2023-11-11 13:01:18.109  INFO 52131 --- [main] o.h.e.t.j.p.i.JtaPlatformInitiator       : HHH000490: Using JtaPlatform implementation: [org.hibernate.engine.transaction.jta.platform.internal.NoJtaPlatform]
2023-11-11 13:01:18.116  INFO 52131 --- [main] j.LocalContainerEntityManagerFactoryBean : Initialized JPA EntityManagerFactory for persistence unit 'default'
2023-11-11 13:01:18.130  WARN 52131 --- [main] ConfigServletWebServerApplicationContext : Exception encountered during context initialization - cancelling refresh attempt: org.springframework.beans.factory.UnsatisfiedDependencyException: Error creating bean with name 'libraryServiceApplication': Unsatisfied dependency expressed through field 'repository'; nested exception is org.springframework.beans.factory.UnsatisfiedDependencyException: Error creating bean with name 'libraryRepositoryImpl' defined in file [/Users/laurenceadams/programming/scaling-sniffle/library-service/target/classes/com/example/libraryservice/repository/LibraryRepositoryImpl.class]: Unsatisfied dependency expressed through constructor parameter 0; nested exception is org.springframework.beans.factory.BeanCurrentlyInCreationException: Error creating bean with name 'libraryRepositoryImpl': Requested bean is currently in creation: Is there an unresolvable circular reference?
2023-11-11 13:01:18.131  INFO 52131 --- [main] j.LocalContainerEntityManagerFactoryBean : Closing JPA EntityManagerFactory for persistence unit 'default'
2023-11-11 13:01:18.133  INFO 52131 --- [main] com.zaxxer.hikari.HikariDataSource       : HikariPool-1 - Shutdown initiated...
2023-11-11 13:01:18.143  INFO 52131 --- [main] com.zaxxer.hikari.HikariDataSource       : HikariPool-1 - Shutdown completed.
2023-11-11 13:01:18.146  INFO 52131 --- [main] o.apache.catalina.core.StandardService   : Stopping service [Tomcat]
2023-11-11 13:01:18.165  INFO 52131 --- [main] ConditionEvaluationReportLoggingListener : 

Error starting ApplicationContext. To display the conditions report re-run your application with 'debug' enabled.
2023-11-11 13:01:18.178 ERROR 52131 --- [main] o.s.b.d.LoggingFailureAnalysisReporter   : 

***************************
APPLICATION FAILED TO START
***************************

Description:

The dependencies of some of the beans in the application context form a cycle:

   libraryServiceApplication (field com.example.libraryservice.repository.LibraryRepository com.example.libraryservice.LibraryServiceApplication.repository)
┌─────┐
|  libraryRepositoryImpl defined in file [/Users/laurenceadams/programming/scaling-sniffle/library-service/target/classes/com/example/libraryservice/repository/LibraryRepositoryImpl.class]
└─────┘


Action:

Relying upon circular references is discouraged and they are prohibited by default. Update your application to remove the dependency cycle between beans. As a last resort, it may be possible to break the cycle automatically by setting spring.main.allow-circular-references to true.

2023-11-11 13:06:07.525  INFO 52278 --- [main] c.e.l.LibraryServiceApplication          : Starting LibraryServiceApplication using Java 18.0.2 on MacBook-Pro.attlocal.net with PID 52278 (/Users/laurenceadams/programming/scaling-sniffle/library-service/target/classes started by laurenceadams in /Users/laurenceadams/programming/scaling-sniffle/library-service)
2023-11-11 13:06:07.563  INFO 52278 --- [main] c.e.l.LibraryServiceApplication          : No active profile set, falling back to 1 default profile: "default"
2023-11-11 13:06:08.551  INFO 52278 --- [main] .s.d.r.c.RepositoryConfigurationDelegate : Bootstrapping Spring Data JPA repositories in DEFAULT mode.
2023-11-11 13:06:08.665  INFO 52278 --- [main] .s.d.r.c.RepositoryConfigurationDelegate : Finished Spring Data repository scanning in 107 ms. Found 1 JPA repository interfaces.
2023-11-11 13:06:09.183  INFO 52278 --- [main] o.s.b.w.embedded.tomcat.TomcatWebServer  : Tomcat initialized with port(s): 8080 (http)
2023-11-11 13:06:09.190  INFO 52278 --- [main] o.apache.catalina.core.StandardService   : Starting service [Tomcat]
2023-11-11 13:06:09.190  INFO 52278 --- [main] org.apache.catalina.core.StandardEngine  : Starting Servlet engine: [Apache Tomcat/9.0.82]
2023-11-11 13:06:09.408  INFO 52278 --- [main] o.a.c.c.C.[Tomcat].[localhost].[/]       : Initializing Spring embedded WebApplicationContext
2023-11-11 13:06:09.408  INFO 52278 --- [main] w.s.c.ServletWebServerApplicationContext : Root WebApplicationContext: initialization completed in 1779 ms
2023-11-11 13:06:09.633  INFO 52278 --- [main] com.zaxxer.hikari.HikariDataSource       : HikariPool-1 - Starting...
2023-11-11 13:06:09.643  WARN 52278 --- [main] com.zaxxer.hikari.util.DriverDataSource  : Registered driver with driverClassName=com.mysql.jdbc.Driver was not found, trying direct instantiation.
2023-11-11 13:06:09.944  INFO 52278 --- [main] com.zaxxer.hikari.HikariDataSource       : HikariPool-1 - Start completed.
2023-11-11 13:06:10.135  INFO 52278 --- [main] o.hibernate.jpa.internal.util.LogHelper  : HHH000204: Processing PersistenceUnitInfo [name: default]
2023-11-11 13:06:10.172  INFO 52278 --- [main] org.hibernate.Version                    : HHH000412: Hibernate ORM core version 5.6.15.Final
2023-11-11 13:06:10.278  INFO 52278 --- [main] o.hibernate.annotations.common.Version   : HCANN000001: Hibernate Commons Annotations {5.1.2.Final}
2023-11-11 13:06:10.348  INFO 52278 --- [main] org.hibernate.dialect.Dialect            : HHH000400: Using dialect: org.hibernate.dialect.MySQL5InnoDBDialect
2023-11-11 13:06:10.757  INFO 52278 --- [main] o.h.e.t.j.p.i.JtaPlatformInitiator       : HHH000490: Using JtaPlatform implementation: [org.hibernate.engine.transaction.jta.platform.internal.NoJtaPlatform]
2023-11-11 13:06:10.767  INFO 52278 --- [main] j.LocalContainerEntityManagerFactoryBean : Initialized JPA EntityManagerFactory for persistence unit 'default'
2023-11-11 13:06:10.782  WARN 52278 --- [main] ConfigServletWebServerApplicationContext : Exception encountered during context initialization - cancelling refresh attempt: org.springframework.beans.factory.UnsatisfiedDependencyException: Error creating bean with name 'libraryServiceApplication': Unsatisfied dependency expressed through field 'repository'; nested exception is org.springframework.beans.factory.UnsatisfiedDependencyException: Error creating bean with name 'libraryRepositoryImpl' defined in file [/Users/laurenceadams/programming/scaling-sniffle/library-service/target/classes/com/example/libraryservice/repository/LibraryRepositoryImpl.class]: Unsatisfied dependency expressed through constructor parameter 0; nested exception is org.springframework.beans.factory.BeanCurrentlyInCreationException: Error creating bean with name 'libraryRepositoryImpl': Requested bean is currently in creation: Is there an unresolvable circular reference?
2023-11-11 13:06:10.782  INFO 52278 --- [main] j.LocalContainerEntityManagerFactoryBean : Closing JPA EntityManagerFactory for persistence unit 'default'
2023-11-11 13:06:10.784  INFO 52278 --- [main] com.zaxxer.hikari.HikariDataSource       : HikariPool-1 - Shutdown initiated...
2023-11-11 13:06:10.798  INFO 52278 --- [main] com.zaxxer.hikari.HikariDataSource       : HikariPool-1 - Shutdown completed.
2023-11-11 13:06:10.801  INFO 52278 --- [main] o.apache.catalina.core.StandardService   : Stopping service [Tomcat]
2023-11-11 13:06:10.821  INFO 52278 --- [main] ConditionEvaluationReportLoggingListener : 

Error starting ApplicationContext. To display the conditions report re-run your application with 'debug' enabled.
2023-11-11 13:06:10.833 ERROR 52278 --- [main] o.s.b.d.LoggingFailureAnalysisReporter   : 

***************************
APPLICATION FAILED TO START
***************************

Description:

The dependencies of some of the beans in the application context form a cycle:

   libraryServiceApplication (field com.example.libraryservice.repository.LibraryRepository com.example.libraryservice.LibraryServiceApplication.repository)
┌─────┐
|  libraryRepositoryImpl defined in file [/Users/laurenceadams/programming/scaling-sniffle/library-service/target/classes/com/example/libraryservice/repository/LibraryRepositoryImpl.class]
└─────┘


Action:

Relying upon circular references is discouraged and they are prohibited by default. Update your application to remove the dependency cycle between beans. As a last resort, it may be possible to break the cycle automatically by setting spring.main.allow-circular-references to true.

2023-11-11 13:06:34.488  INFO 52298 --- [main] c.e.l.LibraryServiceApplication          : Starting LibraryServiceApplication using Java 18.0.2 on MacBook-Pro.attlocal.net with PID 52298 (/Users/laurenceadams/programming/scaling-sniffle/library-service/target/classes started by laurenceadams in /Users/laurenceadams/programming/scaling-sniffle/library-service)
2023-11-11 13:06:34.490  INFO 52298 --- [main] c.e.l.LibraryServiceApplication          : No active profile set, falling back to 1 default profile: "default"
2023-11-11 13:06:35.504  INFO 52298 --- [main] .s.d.r.c.RepositoryConfigurationDelegate : Bootstrapping Spring Data JPA repositories in DEFAULT mode.
2023-11-11 13:06:35.620  INFO 52298 --- [main] .s.d.r.c.RepositoryConfigurationDelegate : Finished Spring Data repository scanning in 111 ms. Found 1 JPA repository interfaces.
2023-11-11 13:06:36.154  INFO 52298 --- [main] o.s.b.w.embedded.tomcat.TomcatWebServer  : Tomcat initialized with port(s): 8080 (http)
2023-11-11 13:06:36.162  INFO 52298 --- [main] o.apache.catalina.core.StandardService   : Starting service [Tomcat]
2023-11-11 13:06:36.162  INFO 52298 --- [main] org.apache.catalina.core.StandardEngine  : Starting Servlet engine: [Apache Tomcat/9.0.82]
2023-11-11 13:06:36.356  INFO 52298 --- [main] o.a.c.c.C.[Tomcat].[localhost].[/]       : Initializing Spring embedded WebApplicationContext
2023-11-11 13:06:36.357  INFO 52298 --- [main] w.s.c.ServletWebServerApplicationContext : Root WebApplicationContext: initialization completed in 1783 ms
2023-11-11 13:06:36.582  INFO 52298 --- [main] com.zaxxer.hikari.HikariDataSource       : HikariPool-1 - Starting...
2023-11-11 13:06:36.592  WARN 52298 --- [main] com.zaxxer.hikari.util.DriverDataSource  : Registered driver with driverClassName=com.mysql.jdbc.Driver was not found, trying direct instantiation.
2023-11-11 13:06:36.953  INFO 52298 --- [main] com.zaxxer.hikari.HikariDataSource       : HikariPool-1 - Start completed.
2023-11-11 13:06:37.099  INFO 52298 --- [main] o.hibernate.jpa.internal.util.LogHelper  : HHH000204: Processing PersistenceUnitInfo [name: default]
2023-11-11 13:06:37.140  INFO 52298 --- [main] org.hibernate.Version                    : HHH000412: Hibernate ORM core version 5.6.15.Final
2023-11-11 13:06:37.255  INFO 52298 --- [main] o.hibernate.annotations.common.Version   : HCANN000001: Hibernate Commons Annotations {5.1.2.Final}
2023-11-11 13:06:37.317  INFO 52298 --- [main] org.hibernate.dialect.Dialect            : HHH000400: Using dialect: org.hibernate.dialect.MySQL5InnoDBDialect
2023-11-11 13:06:37.729  INFO 52298 --- [main] o.h.e.t.j.p.i.JtaPlatformInitiator       : HHH000490: Using JtaPlatform implementation: [org.hibernate.engine.transaction.jta.platform.internal.NoJtaPlatform]
2023-11-11 13:06:37.737  INFO 52298 --- [main] j.LocalContainerEntityManagerFactoryBean : Initialized JPA EntityManagerFactory for persistence unit 'default'
2023-11-11 13:06:37.764  WARN 52298 --- [main] ConfigServletWebServerApplicationContext : Exception encountered during context initialization - cancelling refresh attempt: org.springframework.beans.factory.UnsatisfiedDependencyException: Error creating bean with name 'libraryController': Unsatisfied dependency expressed through field 'repository'; nested exception is org.springframework.beans.factory.UnsatisfiedDependencyException: Error creating bean with name 'libraryRepositoryImpl' defined in file [/Users/laurenceadams/programming/scaling-sniffle/library-service/target/classes/com/example/libraryservice/repository/LibraryRepositoryImpl.class]: Unsatisfied dependency expressed through constructor parameter 0; nested exception is org.springframework.beans.factory.BeanCurrentlyInCreationException: Error creating bean with name 'libraryRepositoryImpl': Requested bean is currently in creation: Is there an unresolvable circular reference?
2023-11-11 13:06:37.764  INFO 52298 --- [main] j.LocalContainerEntityManagerFactoryBean : Closing JPA EntityManagerFactory for persistence unit 'default'
2023-11-11 13:06:37.766  INFO 52298 --- [main] com.zaxxer.hikari.HikariDataSource       : HikariPool-1 - Shutdown initiated...
2023-11-11 13:06:37.778  INFO 52298 --- [main] com.zaxxer.hikari.HikariDataSource       : HikariPool-1 - Shutdown completed.
2023-11-11 13:06:37.782  INFO 52298 --- [main] o.apache.catalina.core.StandardService   : Stopping service [Tomcat]
2023-11-11 13:06:37.803  INFO 52298 --- [main] ConditionEvaluationReportLoggingListener : 

Error starting ApplicationContext. To display the conditions report re-run your application with 'debug' enabled.
2023-11-11 13:06:37.817 ERROR 52298 --- [main] o.s.b.d.LoggingFailureAnalysisReporter   : 

***************************
APPLICATION FAILED TO START
***************************

Description:

The dependencies of some of the beans in the application context form a cycle:

   libraryController (field com.example.libraryservice.repository.LibraryRepository com.example.libraryservice.controller.LibraryController.repository)
┌─────┐
|  libraryRepositoryImpl defined in file [/Users/laurenceadams/programming/scaling-sniffle/library-service/target/classes/com/example/libraryservice/repository/LibraryRepositoryImpl.class]
└─────┘


Action:

Relying upon circular references is discouraged and they are prohibited by default. Update your application to remove the dependency cycle between beans. As a last resort, it may be possible to break the cycle automatically by setting spring.main.allow-circular-references to true.

2023-11-11 17:22:51.685  INFO 56324 --- [main] c.e.l.LibraryServiceApplication          : Starting LibraryServiceApplication using Java 18.0.2 on MacBook-Pro.attlocal.net with PID 56324 (/Users/laurenceadams/programming/scaling-sniffle/library-service/target/classes started by laurenceadams in /Users/laurenceadams/programming/scaling-sniffle/library-service)
2023-11-11 17:22:51.688  INFO 56324 --- [main] c.e.l.LibraryServiceApplication          : No active profile set, falling back to 1 default profile: "default"
2023-11-11 17:22:52.786  INFO 56324 --- [main] .s.d.r.c.RepositoryConfigurationDelegate : Bootstrapping Spring Data JPA repositories in DEFAULT mode.
2023-11-11 17:22:52.921  INFO 56324 --- [main] .s.d.r.c.RepositoryConfigurationDelegate : Finished Spring Data repository scanning in 129 ms. Found 1 JPA repository interfaces.
2023-11-11 17:22:53.481  INFO 56324 --- [main] o.s.b.w.embedded.tomcat.TomcatWebServer  : Tomcat initialized with port(s): 8080 (http)
2023-11-11 17:22:53.488  INFO 56324 --- [main] o.apache.catalina.core.StandardService   : Starting service [Tomcat]
2023-11-11 17:22:53.488  INFO 56324 --- [main] org.apache.catalina.core.StandardEngine  : Starting Servlet engine: [Apache Tomcat/9.0.82]
2023-11-11 17:22:53.685  INFO 56324 --- [main] o.a.c.c.C.[Tomcat].[localhost].[/]       : Initializing Spring embedded WebApplicationContext
2023-11-11 17:22:53.685  INFO 56324 --- [main] w.s.c.ServletWebServerApplicationContext : Root WebApplicationContext: initialization completed in 1906 ms
2023-11-11 17:22:53.919  INFO 56324 --- [main] com.zaxxer.hikari.HikariDataSource       : HikariPool-1 - Starting...
2023-11-11 17:22:53.932  WARN 56324 --- [main] com.zaxxer.hikari.util.DriverDataSource  : Registered driver with driverClassName=com.mysql.jdbc.Driver was not found, trying direct instantiation.
2023-11-11 17:22:54.275  INFO 56324 --- [main] com.zaxxer.hikari.HikariDataSource       : HikariPool-1 - Start completed.
2023-11-11 17:22:54.468  INFO 56324 --- [main] o.hibernate.jpa.internal.util.LogHelper  : HHH000204: Processing PersistenceUnitInfo [name: default]
2023-11-11 17:22:54.507  INFO 56324 --- [main] org.hibernate.Version                    : HHH000412: Hibernate ORM core version 5.6.15.Final
2023-11-11 17:22:54.621  INFO 56324 --- [main] o.hibernate.annotations.common.Version   : HCANN000001: Hibernate Commons Annotations {5.1.2.Final}
2023-11-11 17:22:54.695  INFO 56324 --- [main] org.hibernate.dialect.Dialect            : HHH000400: Using dialect: org.hibernate.dialect.MySQL5InnoDBDialect
2023-11-11 17:22:55.061  INFO 56324 --- [main] o.h.e.t.j.p.i.JtaPlatformInitiator       : HHH000490: Using JtaPlatform implementation: [org.hibernate.engine.transaction.jta.platform.internal.NoJtaPlatform]
2023-11-11 17:22:55.071  INFO 56324 --- [main] j.LocalContainerEntityManagerFactoryBean : Initialized JPA EntityManagerFactory for persistence unit 'default'
2023-11-11 17:22:55.094  WARN 56324 --- [main] ConfigServletWebServerApplicationContext : Exception encountered during context initialization - cancelling refresh attempt: org.springframework.beans.factory.UnsatisfiedDependencyException: Error creating bean with name 'libraryController': Unsatisfied dependency expressed through field 'repository'; nested exception is org.springframework.beans.factory.UnsatisfiedDependencyException: Error creating bean with name 'libraryRepositoryImpl': Unsatisfied dependency expressed through field 'repository'; nested exception is org.springframework.beans.factory.BeanCurrentlyInCreationException: Error creating bean with name 'libraryRepositoryImpl': Requested bean is currently in creation: Is there an unresolvable circular reference?
2023-11-11 17:22:55.094  INFO 56324 --- [main] j.LocalContainerEntityManagerFactoryBean : Closing JPA EntityManagerFactory for persistence unit 'default'
2023-11-11 17:22:55.096  INFO 56324 --- [main] com.zaxxer.hikari.HikariDataSource       : HikariPool-1 - Shutdown initiated...
2023-11-11 17:22:55.106  INFO 56324 --- [main] com.zaxxer.hikari.HikariDataSource       : HikariPool-1 - Shutdown completed.
2023-11-11 17:22:55.109  INFO 56324 --- [main] o.apache.catalina.core.StandardService   : Stopping service [Tomcat]
2023-11-11 17:22:55.136  INFO 56324 --- [main] ConditionEvaluationReportLoggingListener : 

Error starting ApplicationContext. To display the conditions report re-run your application with 'debug' enabled.
2023-11-11 17:22:55.149 ERROR 56324 --- [main] o.s.b.d.LoggingFailureAnalysisReporter   : 

***************************
APPLICATION FAILED TO START
***************************

Description:

The dependencies of some of the beans in the application context form a cycle:

   libraryController (field com.example.libraryservice.repository.LibraryRepository com.example.libraryservice.controller.LibraryController.repository)
┌─────┐
|  libraryRepositoryImpl (field private com.example.libraryservice.repository.LibraryRepository com.example.libraryservice.repository.LibraryRepositoryImpl.repository)
└─────┘


Action:

Relying upon circular references is discouraged and they are prohibited by default. Update your application to remove the dependency cycle between beans. As a last resort, it may be possible to break the cycle automatically by setting spring.main.allow-circular-references to true.

2023-11-11 17:31:38.934  INFO 56517 --- [main] c.e.l.LibraryServiceApplication          : Starting LibraryServiceApplication using Java 18.0.2 on MacBook-Pro.attlocal.net with PID 56517 (/Users/laurenceadams/programming/scaling-sniffle/library-service/target/classes started by laurenceadams in /Users/laurenceadams/programming/scaling-sniffle/library-service)
2023-11-11 17:31:38.936  INFO 56517 --- [main] c.e.l.LibraryServiceApplication          : No active profile set, falling back to 1 default profile: "default"
2023-11-11 17:31:39.951  INFO 56517 --- [main] .s.d.r.c.RepositoryConfigurationDelegate : Bootstrapping Spring Data JPA repositories in DEFAULT mode.
2023-11-11 17:31:40.057  INFO 56517 --- [main] .s.d.r.c.RepositoryConfigurationDelegate : Finished Spring Data repository scanning in 100 ms. Found 1 JPA repository interfaces.
2023-11-11 17:31:40.607  INFO 56517 --- [main] o.s.b.w.embedded.tomcat.TomcatWebServer  : Tomcat initialized with port(s): 8080 (http)
2023-11-11 17:31:40.616  INFO 56517 --- [main] o.apache.catalina.core.StandardService   : Starting service [Tomcat]
2023-11-11 17:31:40.616  INFO 56517 --- [main] org.apache.catalina.core.StandardEngine  : Starting Servlet engine: [Apache Tomcat/9.0.82]
2023-11-11 17:31:40.818  INFO 56517 --- [main] o.a.c.c.C.[Tomcat].[localhost].[/]       : Initializing Spring embedded WebApplicationContext
2023-11-11 17:31:40.819  INFO 56517 --- [main] w.s.c.ServletWebServerApplicationContext : Root WebApplicationContext: initialization completed in 1797 ms
2023-11-11 17:31:41.059  INFO 56517 --- [main] com.zaxxer.hikari.HikariDataSource       : HikariPool-1 - Starting...
2023-11-11 17:31:41.070  WARN 56517 --- [main] com.zaxxer.hikari.util.DriverDataSource  : Registered driver with driverClassName=com.mysql.jdbc.Driver was not found, trying direct instantiation.
2023-11-11 17:31:41.441  INFO 56517 --- [main] com.zaxxer.hikari.HikariDataSource       : HikariPool-1 - Start completed.
2023-11-11 17:31:41.574  INFO 56517 --- [main] o.hibernate.jpa.internal.util.LogHelper  : HHH000204: Processing PersistenceUnitInfo [name: default]
2023-11-11 17:31:41.606  INFO 56517 --- [main] org.hibernate.Version                    : HHH000412: Hibernate ORM core version 5.6.15.Final
2023-11-11 17:31:41.716  INFO 56517 --- [main] o.hibernate.annotations.common.Version   : HCANN000001: Hibernate Commons Annotations {5.1.2.Final}
2023-11-11 17:31:41.782  INFO 56517 --- [main] org.hibernate.dialect.Dialect            : HHH000400: Using dialect: org.hibernate.dialect.MySQL5InnoDBDialect
2023-11-11 17:31:42.147  INFO 56517 --- [main] o.h.e.t.j.p.i.JtaPlatformInitiator       : HHH000490: Using JtaPlatform implementation: [org.hibernate.engine.transaction.jta.platform.internal.NoJtaPlatform]
2023-11-11 17:31:42.154  INFO 56517 --- [main] j.LocalContainerEntityManagerFactoryBean : Initialized JPA EntityManagerFactory for persistence unit 'default'
2023-11-11 17:31:42.174  WARN 56517 --- [main] ConfigServletWebServerApplicationContext : Exception encountered during context initialization - cancelling refresh attempt: org.springframework.beans.factory.UnsatisfiedDependencyException: Error creating bean with name 'libraryController': Unsatisfied dependency expressed through field 'repository'; nested exception is org.springframework.beans.factory.UnsatisfiedDependencyException: Error creating bean with name 'libraryRepositoryImpl': Unsatisfied dependency expressed through field 'repository'; nested exception is org.springframework.beans.factory.BeanCurrentlyInCreationException: Error creating bean with name 'libraryRepositoryImpl': Requested bean is currently in creation: Is there an unresolvable circular reference?
2023-11-11 17:31:42.175  INFO 56517 --- [main] j.LocalContainerEntityManagerFactoryBean : Closing JPA EntityManagerFactory for persistence unit 'default'
2023-11-11 17:31:42.177  INFO 56517 --- [main] com.zaxxer.hikari.HikariDataSource       : HikariPool-1 - Shutdown initiated...
2023-11-11 17:31:42.186  INFO 56517 --- [main] com.zaxxer.hikari.HikariDataSource       : HikariPool-1 - Shutdown completed.
2023-11-11 17:31:42.189  INFO 56517 --- [main] o.apache.catalina.core.StandardService   : Stopping service [Tomcat]
2023-11-11 17:31:42.216  INFO 56517 --- [main] ConditionEvaluationReportLoggingListener : 

Error starting ApplicationContext. To display the conditions report re-run your application with 'debug' enabled.
2023-11-11 17:31:42.227 ERROR 56517 --- [main] o.s.b.d.LoggingFailureAnalysisReporter   : 

***************************
APPLICATION FAILED TO START
***************************

Description:

The dependencies of some of the beans in the application context form a cycle:

   libraryController (field com.example.libraryservice.repository.LibraryRepository com.example.libraryservice.controller.LibraryController.repository)
┌─────┐
|  libraryRepositoryImpl (field private com.example.libraryservice.repository.LibraryRepository com.example.libraryservice.repository.LibraryRepositoryImpl.repository)
└─────┘


Action:

Relying upon circular references is discouraged and they are prohibited by default. Update your application to remove the dependency cycle between beans. As a last resort, it may be possible to break the cycle automatically by setting spring.main.allow-circular-references to true.

2023-11-11 17:32:45.329  INFO 56570 --- [main] c.e.l.LibraryServiceApplication          : Starting LibraryServiceApplication using Java 18.0.2 on MacBook-Pro.attlocal.net with PID 56570 (/Users/laurenceadams/programming/scaling-sniffle/library-service/target/classes started by laurenceadams in /Users/laurenceadams/programming/scaling-sniffle/library-service)
2023-11-11 17:32:45.331  INFO 56570 --- [main] c.e.l.LibraryServiceApplication          : No active profile set, falling back to 1 default profile: "default"
2023-11-11 17:32:46.320  INFO 56570 --- [main] .s.d.r.c.RepositoryConfigurationDelegate : Bootstrapping Spring Data JPA repositories in DEFAULT mode.
2023-11-11 17:32:46.436  INFO 56570 --- [main] .s.d.r.c.RepositoryConfigurationDelegate : Finished Spring Data repository scanning in 111 ms. Found 1 JPA repository interfaces.
2023-11-11 17:32:46.960  INFO 56570 --- [main] o.s.b.w.embedded.tomcat.TomcatWebServer  : Tomcat initialized with port(s): 8080 (http)
2023-11-11 17:32:46.967  INFO 56570 --- [main] o.apache.catalina.core.StandardService   : Starting service [Tomcat]
2023-11-11 17:32:46.967  INFO 56570 --- [main] org.apache.catalina.core.StandardEngine  : Starting Servlet engine: [Apache Tomcat/9.0.82]
2023-11-11 17:32:47.156  INFO 56570 --- [main] o.a.c.c.C.[Tomcat].[localhost].[/]       : Initializing Spring embedded WebApplicationContext
2023-11-11 17:32:47.157  INFO 56570 --- [main] w.s.c.ServletWebServerApplicationContext : Root WebApplicationContext: initialization completed in 1738 ms
2023-11-11 17:32:47.387  INFO 56570 --- [main] com.zaxxer.hikari.HikariDataSource       : HikariPool-1 - Starting...
2023-11-11 17:32:47.398  WARN 56570 --- [main] com.zaxxer.hikari.util.DriverDataSource  : Registered driver with driverClassName=com.mysql.jdbc.Driver was not found, trying direct instantiation.
2023-11-11 17:32:47.702  INFO 56570 --- [main] com.zaxxer.hikari.HikariDataSource       : HikariPool-1 - Start completed.
2023-11-11 17:32:47.889  INFO 56570 --- [main] o.hibernate.jpa.internal.util.LogHelper  : HHH000204: Processing PersistenceUnitInfo [name: default]
2023-11-11 17:32:47.925  INFO 56570 --- [main] org.hibernate.Version                    : HHH000412: Hibernate ORM core version 5.6.15.Final
2023-11-11 17:32:48.029  INFO 56570 --- [main] o.hibernate.annotations.common.Version   : HCANN000001: Hibernate Commons Annotations {5.1.2.Final}
2023-11-11 17:32:48.101  INFO 56570 --- [main] org.hibernate.dialect.Dialect            : HHH000400: Using dialect: org.hibernate.dialect.MySQL5InnoDBDialect
2023-11-11 17:32:48.473  INFO 56570 --- [main] o.h.e.t.j.p.i.JtaPlatformInitiator       : HHH000490: Using JtaPlatform implementation: [org.hibernate.engine.transaction.jta.platform.internal.NoJtaPlatform]
2023-11-11 17:32:48.480  INFO 56570 --- [main] j.LocalContainerEntityManagerFactoryBean : Initialized JPA EntityManagerFactory for persistence unit 'default'
2023-11-11 17:32:48.721  WARN 56570 --- [main] ConfigServletWebServerApplicationContext : Exception encountered during context initialization - cancelling refresh attempt: org.springframework.beans.factory.UnsatisfiedDependencyException: Error creating bean with name 'libraryController': Unsatisfied dependency expressed through field 'repository'; nested exception is org.springframework.beans.factory.BeanCreationException: Error creating bean with name 'libraryRepository' defined in com.example.libraryservice.repository.LibraryRepository defined in @EnableJpaRepositories declared on JpaRepositoriesRegistrar.EnableJpaRepositoriesConfiguration: Invocation of init method failed; nested exception is org.springframework.data.repository.query.QueryCreationException: Could not create query for public abstract java.util.List com.example.libraryservice.repository.LibraryRepository.findAllByAuthor(java.lang.String); Reason: Using named parameters for method public abstract java.util.List com.example.libraryservice.repository.LibraryRepository.findAllByAuthor(java.lang.String) but parameter 'Optional[authorName]' not found in annotated query 'SELECT b FROM Storage2 as b WHERE b.author = :author'!; nested exception is java.lang.IllegalStateException: Using named parameters for method public abstract java.util.List com.example.libraryservice.repository.LibraryRepository.findAllByAuthor(java.lang.String) but parameter 'Optional[authorName]' not found in annotated query 'SELECT b FROM Storage2 as b WHERE b.author = :author'!
2023-11-11 17:32:48.721  INFO 56570 --- [main] j.LocalContainerEntityManagerFactoryBean : Closing JPA EntityManagerFactory for persistence unit 'default'
2023-11-11 17:32:48.722  INFO 56570 --- [main] com.zaxxer.hikari.HikariDataSource       : HikariPool-1 - Shutdown initiated...
2023-11-11 17:32:48.733  INFO 56570 --- [main] com.zaxxer.hikari.HikariDataSource       : HikariPool-1 - Shutdown completed.
2023-11-11 17:32:48.736  INFO 56570 --- [main] o.apache.catalina.core.StandardService   : Stopping service [Tomcat]
2023-11-11 17:32:48.756  INFO 56570 --- [main] ConditionEvaluationReportLoggingListener : 

Error starting ApplicationContext. To display the conditions report re-run your application with 'debug' enabled.
2023-11-11 17:32:48.770 ERROR 56570 --- [main] o.s.boot.SpringApplication               : Application run failed

org.springframework.beans.factory.UnsatisfiedDependencyException: Error creating bean with name 'libraryController': Unsatisfied dependency expressed through field 'repository'; nested exception is org.springframework.beans.factory.BeanCreationException: Error creating bean with name 'libraryRepository' defined in com.example.libraryservice.repository.LibraryRepository defined in @EnableJpaRepositories declared on JpaRepositoriesRegistrar.EnableJpaRepositoriesConfiguration: Invocation of init method failed; nested exception is org.springframework.data.repository.query.QueryCreationException: Could not create query for public abstract java.util.List com.example.libraryservice.repository.LibraryRepository.findAllByAuthor(java.lang.String); Reason: Using named parameters for method public abstract java.util.List com.example.libraryservice.repository.LibraryRepository.findAllByAuthor(java.lang.String) but parameter 'Optional[authorName]' not found in annotated query 'SELECT b FROM Storage2 as b WHERE b.author = :author'!; nested exception is java.lang.IllegalStateException: Using named parameters for method public abstract java.util.List com.example.libraryservice.repository.LibraryRepository.findAllByAuthor(java.lang.String) but parameter 'Optional[authorName]' not found in annotated query 'SELECT b FROM Storage2 as b WHERE b.author = :author'!
	at org.springframework.beans.factory.annotation.AutowiredAnnotationBeanPostProcessor$AutowiredFieldElement.resolveFieldValue(AutowiredAnnotationBeanPostProcessor.java:713) ~[spring-beans-5.3.30.jar:5.3.30]
	at org.springframework.beans.factory.annotation.AutowiredAnnotationBeanPostProcessor$AutowiredFieldElement.inject(AutowiredAnnotationBeanPostProcessor.java:693) ~[spring-beans-5.3.30.jar:5.3.30]
	at org.springframework.beans.factory.annotation.InjectionMetadata.inject(InjectionMetadata.java:119) ~[spring-beans-5.3.30.jar:5.3.30]
	at org.springframework.beans.factory.annotation.AutowiredAnnotationBeanPostProcessor.postProcessProperties(AutowiredAnnotationBeanPostProcessor.java:408) ~[spring-beans-5.3.30.jar:5.3.30]
	at org.springframework.beans.factory.support.AbstractAutowireCapableBeanFactory.populateBean(AbstractAutowireCapableBeanFactory.java:1431) ~[spring-beans-5.3.30.jar:5.3.30]
	at org.springframework.beans.factory.support.AbstractAutowireCapableBeanFactory.doCreateBean(AbstractAutowireCapableBeanFactory.java:619) ~[spring-beans-5.3.30.jar:5.3.30]
	at org.springframework.beans.factory.support.AbstractAutowireCapableBeanFactory.createBean(AbstractAutowireCapableBeanFactory.java:542) ~[spring-beans-5.3.30.jar:5.3.30]
	at org.springframework.beans.factory.support.AbstractBeanFactory.lambda$doGetBean$0(AbstractBeanFactory.java:335) ~[spring-beans-5.3.30.jar:5.3.30]
	at org.springframework.beans.factory.support.DefaultSingletonBeanRegistry.getSingleton(DefaultSingletonBeanRegistry.java:234) ~[spring-beans-5.3.30.jar:5.3.30]
	at org.springframework.beans.factory.support.AbstractBeanFactory.doGetBean(AbstractBeanFactory.java:333) ~[spring-beans-5.3.30.jar:5.3.30]
	at org.springframework.beans.factory.support.AbstractBeanFactory.getBean(AbstractBeanFactory.java:208) ~[spring-beans-5.3.30.jar:5.3.30]
	at org.springframework.beans.factory.support.DefaultListableBeanFactory.preInstantiateSingletons(DefaultListableBeanFactory.java:955) ~[spring-beans-5.3.30.jar:5.3.30]
	at org.springframework.context.support.AbstractApplicationContext.finishBeanFactoryInitialization(AbstractApplicationContext.java:921) ~[spring-context-5.3.30.jar:5.3.30]
	at org.springframework.context.support.AbstractApplicationContext.refresh(AbstractApplicationContext.java:583) ~[spring-context-5.3.30.jar:5.3.30]
	at org.springframework.boot.web.servlet.context.ServletWebServerApplicationContext.refresh(ServletWebServerApplicationContext.java:147) ~[spring-boot-2.7.17.jar:2.7.17]
	at org.springframework.boot.SpringApplication.refresh(SpringApplication.java:732) ~[spring-boot-2.7.17.jar:2.7.17]
	at org.springframework.boot.SpringApplication.refreshContext(SpringApplication.java:409) ~[spring-boot-2.7.17.jar:2.7.17]
	at org.springframework.boot.SpringApplication.run(SpringApplication.java:308) ~[spring-boot-2.7.17.jar:2.7.17]
	at org.springframework.boot.SpringApplication.run(SpringApplication.java:1300) ~[spring-boot-2.7.17.jar:2.7.17]
	at org.springframework.boot.SpringApplication.run(SpringApplication.java:1289) ~[spring-boot-2.7.17.jar:2.7.17]
	at com.example.libraryservice.LibraryServiceApplication.main(LibraryServiceApplication.java:9) ~[classes/:na]
Caused by: org.springframework.beans.factory.BeanCreationException: Error creating bean with name 'libraryRepository' defined in com.example.libraryservice.repository.LibraryRepository defined in @EnableJpaRepositories declared on JpaRepositoriesRegistrar.EnableJpaRepositoriesConfiguration: Invocation of init method failed; nested exception is org.springframework.data.repository.query.QueryCreationException: Could not create query for public abstract java.util.List com.example.libraryservice.repository.LibraryRepository.findAllByAuthor(java.lang.String); Reason: Using named parameters for method public abstract java.util.List com.example.libraryservice.repository.LibraryRepository.findAllByAuthor(java.lang.String) but parameter 'Optional[authorName]' not found in annotated query 'SELECT b FROM Storage2 as b WHERE b.author = :author'!; nested exception is java.lang.IllegalStateException: Using named parameters for method public abstract java.util.List com.example.libraryservice.repository.LibraryRepository.findAllByAuthor(java.lang.String) but parameter 'Optional[authorName]' not found in annotated query 'SELECT b FROM Storage2 as b WHERE b.author = :author'!
	at org.springframework.beans.factory.support.AbstractAutowireCapableBeanFactory.initializeBean(AbstractAutowireCapableBeanFactory.java:1804) ~[spring-beans-5.3.30.jar:5.3.30]
	at org.springframework.beans.factory.support.AbstractAutowireCapableBeanFactory.doCreateBean(AbstractAutowireCapableBeanFactory.java:620) ~[spring-beans-5.3.30.jar:5.3.30]
	at org.springframework.beans.factory.support.AbstractAutowireCapableBeanFactory.createBean(AbstractAutowireCapableBeanFactory.java:542) ~[spring-beans-5.3.30.jar:5.3.30]
	at org.springframework.beans.factory.support.AbstractBeanFactory.lambda$doGetBean$0(AbstractBeanFactory.java:335) ~[spring-beans-5.3.30.jar:5.3.30]
	at org.springframework.beans.factory.support.DefaultSingletonBeanRegistry.getSingleton(DefaultSingletonBeanRegistry.java:234) ~[spring-beans-5.3.30.jar:5.3.30]
	at org.springframework.beans.factory.support.AbstractBeanFactory.doGetBean(AbstractBeanFactory.java:333) ~[spring-beans-5.3.30.jar:5.3.30]
	at org.springframework.beans.factory.support.AbstractBeanFactory.getBean(AbstractBeanFactory.java:208) ~[spring-beans-5.3.30.jar:5.3.30]
	at org.springframework.beans.factory.config.DependencyDescriptor.resolveCandidate(DependencyDescriptor.java:276) ~[spring-beans-5.3.30.jar:5.3.30]
	at org.springframework.beans.factory.support.DefaultListableBeanFactory.doResolveDependency(DefaultListableBeanFactory.java:1391) ~[spring-beans-5.3.30.jar:5.3.30]
	at org.springframework.beans.factory.support.DefaultListableBeanFactory.resolveDependency(DefaultListableBeanFactory.java:1311) ~[spring-beans-5.3.30.jar:5.3.30]
	at org.springframework.beans.factory.annotation.AutowiredAnnotationBeanPostProcessor$AutowiredFieldElement.resolveFieldValue(AutowiredAnnotationBeanPostProcessor.java:710) ~[spring-beans-5.3.30.jar:5.3.30]
	... 20 common frames omitted
Caused by: org.springframework.data.repository.query.QueryCreationException: Could not create query for public abstract java.util.List com.example.libraryservice.repository.LibraryRepository.findAllByAuthor(java.lang.String); Reason: Using named parameters for method public abstract java.util.List com.example.libraryservice.repository.LibraryRepository.findAllByAuthor(java.lang.String) but parameter 'Optional[authorName]' not found in annotated query 'SELECT b FROM Storage2 as b WHERE b.author = :author'!; nested exception is java.lang.IllegalStateException: Using named parameters for method public abstract java.util.List com.example.libraryservice.repository.LibraryRepository.findAllByAuthor(java.lang.String) but parameter 'Optional[authorName]' not found in annotated query 'SELECT b FROM Storage2 as b WHERE b.author = :author'!
	at org.springframework.data.repository.query.QueryCreationException.create(QueryCreationException.java:101) ~[spring-data-commons-2.7.17.jar:2.7.17]
	at org.springframework.data.repository.core.support.QueryExecutorMethodInterceptor.lookupQuery(QueryExecutorMethodInterceptor.java:107) ~[spring-data-commons-2.7.17.jar:2.7.17]
	at org.springframework.data.repository.core.support.QueryExecutorMethodInterceptor.lambda$mapMethodsToQuery$1(QueryExecutorMethodInterceptor.java:95) ~[spring-data-commons-2.7.17.jar:2.7.17]
	at java.base/java.util.stream.ReferencePipeline$3$1.accept(ReferencePipeline.java:197) ~[na:na]
	at java.base/java.util.Iterator.forEachRemaining(Iterator.java:133) ~[na:na]
	at java.base/java.util.Collections$UnmodifiableCollection$1.forEachRemaining(Collections.java:1061) ~[na:na]
	at java.base/java.util.Spliterators$IteratorSpliterator.forEachRemaining(Spliterators.java:1845) ~[na:na]
	at java.base/java.util.stream.AbstractPipeline.copyInto(AbstractPipeline.java:509) ~[na:na]
	at java.base/java.util.stream.AbstractPipeline.wrapAndCopyInto(AbstractPipeline.java:499) ~[na:na]
	at java.base/java.util.stream.ReduceOps$ReduceOp.evaluateSequential(ReduceOps.java:921) ~[na:na]
	at java.base/java.util.stream.AbstractPipeline.evaluate(AbstractPipeline.java:234) ~[na:na]
	at java.base/java.util.stream.ReferencePipeline.collect(ReferencePipeline.java:682) ~[na:na]
	at org.springframework.data.repository.core.support.QueryExecutorMethodInterceptor.mapMethodsToQuery(QueryExecutorMethodInterceptor.java:97) ~[spring-data-commons-2.7.17.jar:2.7.17]
	at org.springframework.data.repository.core.support.QueryExecutorMethodInterceptor.lambda$new$0(QueryExecutorMethodInterceptor.java:87) ~[spring-data-commons-2.7.17.jar:2.7.17]
	at java.base/java.util.Optional.map(Optional.java:260) ~[na:na]
	at org.springframework.data.repository.core.support.QueryExecutorMethodInterceptor.<init>(QueryExecutorMethodInterceptor.java:87) ~[spring-data-commons-2.7.17.jar:2.7.17]
	at org.springframework.data.repository.core.support.RepositoryFactorySupport.getRepository(RepositoryFactorySupport.java:365) ~[spring-data-commons-2.7.17.jar:2.7.17]
	at org.springframework.data.repository.core.support.RepositoryFactoryBeanSupport.lambda$afterPropertiesSet$5(RepositoryFactoryBeanSupport.java:323) ~[spring-data-commons-2.7.17.jar:2.7.17]
	at org.springframework.data.util.Lazy.getNullable(Lazy.java:231) ~[spring-data-commons-2.7.17.jar:2.7.17]
	at org.springframework.data.util.Lazy.get(Lazy.java:115) ~[spring-data-commons-2.7.17.jar:2.7.17]
	at org.springframework.data.repository.core.support.RepositoryFactoryBeanSupport.afterPropertiesSet(RepositoryFactoryBeanSupport.java:329) ~[spring-data-commons-2.7.17.jar:2.7.17]
	at org.springframework.data.jpa.repository.support.JpaRepositoryFactoryBean.afterPropertiesSet(JpaRepositoryFactoryBean.java:144) ~[spring-data-jpa-2.7.17.jar:2.7.17]
	at org.springframework.beans.factory.support.AbstractAutowireCapableBeanFactory.invokeInitMethods(AbstractAutowireCapableBeanFactory.java:1863) ~[spring-beans-5.3.30.jar:5.3.30]
	at org.springframework.beans.factory.support.AbstractAutowireCapableBeanFactory.initializeBean(AbstractAutowireCapableBeanFactory.java:1800) ~[spring-beans-5.3.30.jar:5.3.30]
	... 30 common frames omitted
Caused by: java.lang.IllegalStateException: Using named parameters for method public abstract java.util.List com.example.libraryservice.repository.LibraryRepository.findAllByAuthor(java.lang.String) but parameter 'Optional[authorName]' not found in annotated query 'SELECT b FROM Storage2 as b WHERE b.author = :author'!
	at org.springframework.data.jpa.repository.query.JpaQueryMethod.assertParameterNamesInAnnotatedQuery(JpaQueryMethod.java:172) ~[spring-data-jpa-2.7.17.jar:2.7.17]
	at org.springframework.data.jpa.repository.query.JpaQueryMethod.<init>(JpaQueryMethod.java:139) ~[spring-data-jpa-2.7.17.jar:2.7.17]
	at org.springframework.data.jpa.repository.query.DefaultJpaQueryMethodFactory.build(DefaultJpaQueryMethodFactory.java:44) ~[spring-data-jpa-2.7.17.jar:2.7.17]
	at org.springframework.data.jpa.repository.query.JpaQueryLookupStrategy$AbstractQueryLookupStrategy.resolveQuery(JpaQueryLookupStrategy.java:93) ~[spring-data-jpa-2.7.17.jar:2.7.17]
	at org.springframework.data.repository.core.support.QueryExecutorMethodInterceptor.lookupQuery(QueryExecutorMethodInterceptor.java:103) ~[spring-data-commons-2.7.17.jar:2.7.17]
	... 52 common frames omitted

2023-11-11 17:33:46.786  INFO 56604 --- [main] c.e.l.LibraryServiceApplication          : Starting LibraryServiceApplication using Java 18.0.2 on MacBook-Pro.attlocal.net with PID 56604 (/Users/laurenceadams/programming/scaling-sniffle/library-service/target/classes started by laurenceadams in /Users/laurenceadams/programming/scaling-sniffle/library-service)
2023-11-11 17:33:46.819  INFO 56604 --- [main] c.e.l.LibraryServiceApplication          : No active profile set, falling back to 1 default profile: "default"
2023-11-11 17:33:47.877  INFO 56604 --- [main] .s.d.r.c.RepositoryConfigurationDelegate : Bootstrapping Spring Data JPA repositories in DEFAULT mode.
2023-11-11 17:33:47.993  INFO 56604 --- [main] .s.d.r.c.RepositoryConfigurationDelegate : Finished Spring Data repository scanning in 110 ms. Found 1 JPA repository interfaces.
2023-11-11 17:33:48.535  INFO 56604 --- [main] o.s.b.w.embedded.tomcat.TomcatWebServer  : Tomcat initialized with port(s): 8080 (http)
2023-11-11 17:33:48.542  INFO 56604 --- [main] o.apache.catalina.core.StandardService   : Starting service [Tomcat]
2023-11-11 17:33:48.542  INFO 56604 --- [main] org.apache.catalina.core.StandardEngine  : Starting Servlet engine: [Apache Tomcat/9.0.82]
2023-11-11 17:33:48.747  INFO 56604 --- [main] o.a.c.c.C.[Tomcat].[localhost].[/]       : Initializing Spring embedded WebApplicationContext
2023-11-11 17:33:48.748  INFO 56604 --- [main] w.s.c.ServletWebServerApplicationContext : Root WebApplicationContext: initialization completed in 1866 ms
2023-11-11 17:33:49.010  INFO 56604 --- [main] com.zaxxer.hikari.HikariDataSource       : HikariPool-1 - Starting...
2023-11-11 17:33:49.021  WARN 56604 --- [main] com.zaxxer.hikari.util.DriverDataSource  : Registered driver with driverClassName=com.mysql.jdbc.Driver was not found, trying direct instantiation.
2023-11-11 17:33:49.314  INFO 56604 --- [main] com.zaxxer.hikari.HikariDataSource       : HikariPool-1 - Start completed.
2023-11-11 17:33:49.512  INFO 56604 --- [main] o.hibernate.jpa.internal.util.LogHelper  : HHH000204: Processing PersistenceUnitInfo [name: default]
2023-11-11 17:33:49.550  INFO 56604 --- [main] org.hibernate.Version                    : HHH000412: Hibernate ORM core version 5.6.15.Final
2023-11-11 17:33:49.657  INFO 56604 --- [main] o.hibernate.annotations.common.Version   : HCANN000001: Hibernate Commons Annotations {5.1.2.Final}
2023-11-11 17:33:49.739  INFO 56604 --- [main] org.hibernate.dialect.Dialect            : HHH000400: Using dialect: org.hibernate.dialect.MySQL5InnoDBDialect
2023-11-11 17:33:50.099  INFO 56604 --- [main] o.h.e.t.j.p.i.JtaPlatformInitiator       : HHH000490: Using JtaPlatform implementation: [org.hibernate.engine.transaction.jta.platform.internal.NoJtaPlatform]
2023-11-11 17:33:50.106  INFO 56604 --- [main] j.LocalContainerEntityManagerFactoryBean : Initialized JPA EntityManagerFactory for persistence unit 'default'
2023-11-11 17:33:50.341  WARN 56604 --- [main] ConfigServletWebServerApplicationContext : Exception encountered during context initialization - cancelling refresh attempt: org.springframework.beans.factory.UnsatisfiedDependencyException: Error creating bean with name 'libraryController': Unsatisfied dependency expressed through field 'repository'; nested exception is org.springframework.beans.factory.BeanCreationException: Error creating bean with name 'libraryRepository' defined in com.example.libraryservice.repository.LibraryRepository defined in @EnableJpaRepositories declared on JpaRepositoriesRegistrar.EnableJpaRepositoriesConfiguration: Invocation of init method failed; nested exception is org.springframework.data.repository.query.QueryCreationException: Could not create query for public abstract java.util.List com.example.libraryservice.repository.LibraryRepository.findAllByAuthor(java.lang.String); Reason: Using named parameters for method public abstract java.util.List com.example.libraryservice.repository.LibraryRepository.findAllByAuthor(java.lang.String) but parameter 'Optional[authorName]' not found in annotated query 'SELECT b FROM Storage2 as b WHERE b.author = :author'!; nested exception is java.lang.IllegalStateException: Using named parameters for method public abstract java.util.List com.example.libraryservice.repository.LibraryRepository.findAllByAuthor(java.lang.String) but parameter 'Optional[authorName]' not found in annotated query 'SELECT b FROM Storage2 as b WHERE b.author = :author'!
2023-11-11 17:33:50.341  INFO 56604 --- [main] j.LocalContainerEntityManagerFactoryBean : Closing JPA EntityManagerFactory for persistence unit 'default'
2023-11-11 17:33:50.343  INFO 56604 --- [main] com.zaxxer.hikari.HikariDataSource       : HikariPool-1 - Shutdown initiated...
2023-11-11 17:33:50.352  INFO 56604 --- [main] com.zaxxer.hikari.HikariDataSource       : HikariPool-1 - Shutdown completed.
2023-11-11 17:33:50.355  INFO 56604 --- [main] o.apache.catalina.core.StandardService   : Stopping service [Tomcat]
2023-11-11 17:33:50.375  INFO 56604 --- [main] ConditionEvaluationReportLoggingListener : 

Error starting ApplicationContext. To display the conditions report re-run your application with 'debug' enabled.
2023-11-11 17:33:50.389 ERROR 56604 --- [main] o.s.boot.SpringApplication               : Application run failed

org.springframework.beans.factory.UnsatisfiedDependencyException: Error creating bean with name 'libraryController': Unsatisfied dependency expressed through field 'repository'; nested exception is org.springframework.beans.factory.BeanCreationException: Error creating bean with name 'libraryRepository' defined in com.example.libraryservice.repository.LibraryRepository defined in @EnableJpaRepositories declared on JpaRepositoriesRegistrar.EnableJpaRepositoriesConfiguration: Invocation of init method failed; nested exception is org.springframework.data.repository.query.QueryCreationException: Could not create query for public abstract java.util.List com.example.libraryservice.repository.LibraryRepository.findAllByAuthor(java.lang.String); Reason: Using named parameters for method public abstract java.util.List com.example.libraryservice.repository.LibraryRepository.findAllByAuthor(java.lang.String) but parameter 'Optional[authorName]' not found in annotated query 'SELECT b FROM Storage2 as b WHERE b.author = :author'!; nested exception is java.lang.IllegalStateException: Using named parameters for method public abstract java.util.List com.example.libraryservice.repository.LibraryRepository.findAllByAuthor(java.lang.String) but parameter 'Optional[authorName]' not found in annotated query 'SELECT b FROM Storage2 as b WHERE b.author = :author'!
	at org.springframework.beans.factory.annotation.AutowiredAnnotationBeanPostProcessor$AutowiredFieldElement.resolveFieldValue(AutowiredAnnotationBeanPostProcessor.java:713) ~[spring-beans-5.3.30.jar:5.3.30]
	at org.springframework.beans.factory.annotation.AutowiredAnnotationBeanPostProcessor$AutowiredFieldElement.inject(AutowiredAnnotationBeanPostProcessor.java:693) ~[spring-beans-5.3.30.jar:5.3.30]
	at org.springframework.beans.factory.annotation.InjectionMetadata.inject(InjectionMetadata.java:119) ~[spring-beans-5.3.30.jar:5.3.30]
	at org.springframework.beans.factory.annotation.AutowiredAnnotationBeanPostProcessor.postProcessProperties(AutowiredAnnotationBeanPostProcessor.java:408) ~[spring-beans-5.3.30.jar:5.3.30]
	at org.springframework.beans.factory.support.AbstractAutowireCapableBeanFactory.populateBean(AbstractAutowireCapableBeanFactory.java:1431) ~[spring-beans-5.3.30.jar:5.3.30]
	at org.springframework.beans.factory.support.AbstractAutowireCapableBeanFactory.doCreateBean(AbstractAutowireCapableBeanFactory.java:619) ~[spring-beans-5.3.30.jar:5.3.30]
	at org.springframework.beans.factory.support.AbstractAutowireCapableBeanFactory.createBean(AbstractAutowireCapableBeanFactory.java:542) ~[spring-beans-5.3.30.jar:5.3.30]
	at org.springframework.beans.factory.support.AbstractBeanFactory.lambda$doGetBean$0(AbstractBeanFactory.java:335) ~[spring-beans-5.3.30.jar:5.3.30]
	at org.springframework.beans.factory.support.DefaultSingletonBeanRegistry.getSingleton(DefaultSingletonBeanRegistry.java:234) ~[spring-beans-5.3.30.jar:5.3.30]
	at org.springframework.beans.factory.support.AbstractBeanFactory.doGetBean(AbstractBeanFactory.java:333) ~[spring-beans-5.3.30.jar:5.3.30]
	at org.springframework.beans.factory.support.AbstractBeanFactory.getBean(AbstractBeanFactory.java:208) ~[spring-beans-5.3.30.jar:5.3.30]
	at org.springframework.beans.factory.support.DefaultListableBeanFactory.preInstantiateSingletons(DefaultListableBeanFactory.java:955) ~[spring-beans-5.3.30.jar:5.3.30]
	at org.springframework.context.support.AbstractApplicationContext.finishBeanFactoryInitialization(AbstractApplicationContext.java:921) ~[spring-context-5.3.30.jar:5.3.30]
	at org.springframework.context.support.AbstractApplicationContext.refresh(AbstractApplicationContext.java:583) ~[spring-context-5.3.30.jar:5.3.30]
	at org.springframework.boot.web.servlet.context.ServletWebServerApplicationContext.refresh(ServletWebServerApplicationContext.java:147) ~[spring-boot-2.7.17.jar:2.7.17]
	at org.springframework.boot.SpringApplication.refresh(SpringApplication.java:732) ~[spring-boot-2.7.17.jar:2.7.17]
	at org.springframework.boot.SpringApplication.refreshContext(SpringApplication.java:409) ~[spring-boot-2.7.17.jar:2.7.17]
	at org.springframework.boot.SpringApplication.run(SpringApplication.java:308) ~[spring-boot-2.7.17.jar:2.7.17]
	at org.springframework.boot.SpringApplication.run(SpringApplication.java:1300) ~[spring-boot-2.7.17.jar:2.7.17]
	at org.springframework.boot.SpringApplication.run(SpringApplication.java:1289) ~[spring-boot-2.7.17.jar:2.7.17]
	at com.example.libraryservice.LibraryServiceApplication.main(LibraryServiceApplication.java:9) ~[classes/:na]
Caused by: org.springframework.beans.factory.BeanCreationException: Error creating bean with name 'libraryRepository' defined in com.example.libraryservice.repository.LibraryRepository defined in @EnableJpaRepositories declared on JpaRepositoriesRegistrar.EnableJpaRepositoriesConfiguration: Invocation of init method failed; nested exception is org.springframework.data.repository.query.QueryCreationException: Could not create query for public abstract java.util.List com.example.libraryservice.repository.LibraryRepository.findAllByAuthor(java.lang.String); Reason: Using named parameters for method public abstract java.util.List com.example.libraryservice.repository.LibraryRepository.findAllByAuthor(java.lang.String) but parameter 'Optional[authorName]' not found in annotated query 'SELECT b FROM Storage2 as b WHERE b.author = :author'!; nested exception is java.lang.IllegalStateException: Using named parameters for method public abstract java.util.List com.example.libraryservice.repository.LibraryRepository.findAllByAuthor(java.lang.String) but parameter 'Optional[authorName]' not found in annotated query 'SELECT b FROM Storage2 as b WHERE b.author = :author'!
	at org.springframework.beans.factory.support.AbstractAutowireCapableBeanFactory.initializeBean(AbstractAutowireCapableBeanFactory.java:1804) ~[spring-beans-5.3.30.jar:5.3.30]
	at org.springframework.beans.factory.support.AbstractAutowireCapableBeanFactory.doCreateBean(AbstractAutowireCapableBeanFactory.java:620) ~[spring-beans-5.3.30.jar:5.3.30]
	at org.springframework.beans.factory.support.AbstractAutowireCapableBeanFactory.createBean(AbstractAutowireCapableBeanFactory.java:542) ~[spring-beans-5.3.30.jar:5.3.30]
	at org.springframework.beans.factory.support.AbstractBeanFactory.lambda$doGetBean$0(AbstractBeanFactory.java:335) ~[spring-beans-5.3.30.jar:5.3.30]
	at org.springframework.beans.factory.support.DefaultSingletonBeanRegistry.getSingleton(DefaultSingletonBeanRegistry.java:234) ~[spring-beans-5.3.30.jar:5.3.30]
	at org.springframework.beans.factory.support.AbstractBeanFactory.doGetBean(AbstractBeanFactory.java:333) ~[spring-beans-5.3.30.jar:5.3.30]
	at org.springframework.beans.factory.support.AbstractBeanFactory.getBean(AbstractBeanFactory.java:208) ~[spring-beans-5.3.30.jar:5.3.30]
	at org.springframework.beans.factory.config.DependencyDescriptor.resolveCandidate(DependencyDescriptor.java:276) ~[spring-beans-5.3.30.jar:5.3.30]
	at org.springframework.beans.factory.support.DefaultListableBeanFactory.doResolveDependency(DefaultListableBeanFactory.java:1391) ~[spring-beans-5.3.30.jar:5.3.30]
	at org.springframework.beans.factory.support.DefaultListableBeanFactory.resolveDependency(DefaultListableBeanFactory.java:1311) ~[spring-beans-5.3.30.jar:5.3.30]
	at org.springframework.beans.factory.annotation.AutowiredAnnotationBeanPostProcessor$AutowiredFieldElement.resolveFieldValue(AutowiredAnnotationBeanPostProcessor.java:710) ~[spring-beans-5.3.30.jar:5.3.30]
	... 20 common frames omitted
Caused by: org.springframework.data.repository.query.QueryCreationException: Could not create query for public abstract java.util.List com.example.libraryservice.repository.LibraryRepository.findAllByAuthor(java.lang.String); Reason: Using named parameters for method public abstract java.util.List com.example.libraryservice.repository.LibraryRepository.findAllByAuthor(java.lang.String) but parameter 'Optional[authorName]' not found in annotated query 'SELECT b FROM Storage2 as b WHERE b.author = :author'!; nested exception is java.lang.IllegalStateException: Using named parameters for method public abstract java.util.List com.example.libraryservice.repository.LibraryRepository.findAllByAuthor(java.lang.String) but parameter 'Optional[authorName]' not found in annotated query 'SELECT b FROM Storage2 as b WHERE b.author = :author'!
	at org.springframework.data.repository.query.QueryCreationException.create(QueryCreationException.java:101) ~[spring-data-commons-2.7.17.jar:2.7.17]
	at org.springframework.data.repository.core.support.QueryExecutorMethodInterceptor.lookupQuery(QueryExecutorMethodInterceptor.java:107) ~[spring-data-commons-2.7.17.jar:2.7.17]
	at org.springframework.data.repository.core.support.QueryExecutorMethodInterceptor.lambda$mapMethodsToQuery$1(QueryExecutorMethodInterceptor.java:95) ~[spring-data-commons-2.7.17.jar:2.7.17]
	at java.base/java.util.stream.ReferencePipeline$3$1.accept(ReferencePipeline.java:197) ~[na:na]
	at java.base/java.util.Iterator.forEachRemaining(Iterator.java:133) ~[na:na]
	at java.base/java.util.Collections$UnmodifiableCollection$1.forEachRemaining(Collections.java:1061) ~[na:na]
	at java.base/java.util.Spliterators$IteratorSpliterator.forEachRemaining(Spliterators.java:1845) ~[na:na]
	at java.base/java.util.stream.AbstractPipeline.copyInto(AbstractPipeline.java:509) ~[na:na]
	at java.base/java.util.stream.AbstractPipeline.wrapAndCopyInto(AbstractPipeline.java:499) ~[na:na]
	at java.base/java.util.stream.ReduceOps$ReduceOp.evaluateSequential(ReduceOps.java:921) ~[na:na]
	at java.base/java.util.stream.AbstractPipeline.evaluate(AbstractPipeline.java:234) ~[na:na]
	at java.base/java.util.stream.ReferencePipeline.collect(ReferencePipeline.java:682) ~[na:na]
	at org.springframework.data.repository.core.support.QueryExecutorMethodInterceptor.mapMethodsToQuery(QueryExecutorMethodInterceptor.java:97) ~[spring-data-commons-2.7.17.jar:2.7.17]
	at org.springframework.data.repository.core.support.QueryExecutorMethodInterceptor.lambda$new$0(QueryExecutorMethodInterceptor.java:87) ~[spring-data-commons-2.7.17.jar:2.7.17]
	at java.base/java.util.Optional.map(Optional.java:260) ~[na:na]
	at org.springframework.data.repository.core.support.QueryExecutorMethodInterceptor.<init>(QueryExecutorMethodInterceptor.java:87) ~[spring-data-commons-2.7.17.jar:2.7.17]
	at org.springframework.data.repository.core.support.RepositoryFactorySupport.getRepository(RepositoryFactorySupport.java:365) ~[spring-data-commons-2.7.17.jar:2.7.17]
	at org.springframework.data.repository.core.support.RepositoryFactoryBeanSupport.lambda$afterPropertiesSet$5(RepositoryFactoryBeanSupport.java:323) ~[spring-data-commons-2.7.17.jar:2.7.17]
	at org.springframework.data.util.Lazy.getNullable(Lazy.java:231) ~[spring-data-commons-2.7.17.jar:2.7.17]
	at org.springframework.data.util.Lazy.get(Lazy.java:115) ~[spring-data-commons-2.7.17.jar:2.7.17]
	at org.springframework.data.repository.core.support.RepositoryFactoryBeanSupport.afterPropertiesSet(RepositoryFactoryBeanSupport.java:329) ~[spring-data-commons-2.7.17.jar:2.7.17]
	at org.springframework.data.jpa.repository.support.JpaRepositoryFactoryBean.afterPropertiesSet(JpaRepositoryFactoryBean.java:144) ~[spring-data-jpa-2.7.17.jar:2.7.17]
	at org.springframework.beans.factory.support.AbstractAutowireCapableBeanFactory.invokeInitMethods(AbstractAutowireCapableBeanFactory.java:1863) ~[spring-beans-5.3.30.jar:5.3.30]
	at org.springframework.beans.factory.support.AbstractAutowireCapableBeanFactory.initializeBean(AbstractAutowireCapableBeanFactory.java:1800) ~[spring-beans-5.3.30.jar:5.3.30]
	... 30 common frames omitted
Caused by: java.lang.IllegalStateException: Using named parameters for method public abstract java.util.List com.example.libraryservice.repository.LibraryRepository.findAllByAuthor(java.lang.String) but parameter 'Optional[authorName]' not found in annotated query 'SELECT b FROM Storage2 as b WHERE b.author = :author'!
	at org.springframework.data.jpa.repository.query.JpaQueryMethod.assertParameterNamesInAnnotatedQuery(JpaQueryMethod.java:172) ~[spring-data-jpa-2.7.17.jar:2.7.17]
	at org.springframework.data.jpa.repository.query.JpaQueryMethod.<init>(JpaQueryMethod.java:139) ~[spring-data-jpa-2.7.17.jar:2.7.17]
	at org.springframework.data.jpa.repository.query.DefaultJpaQueryMethodFactory.build(DefaultJpaQueryMethodFactory.java:44) ~[spring-data-jpa-2.7.17.jar:2.7.17]
	at org.springframework.data.jpa.repository.query.JpaQueryLookupStrategy$AbstractQueryLookupStrategy.resolveQuery(JpaQueryLookupStrategy.java:93) ~[spring-data-jpa-2.7.17.jar:2.7.17]
	at org.springframework.data.repository.core.support.QueryExecutorMethodInterceptor.lookupQuery(QueryExecutorMethodInterceptor.java:103) ~[spring-data-commons-2.7.17.jar:2.7.17]
	... 52 common frames omitted

2023-11-11 17:34:19.011  INFO 56632 --- [main] c.e.l.LibraryServiceApplication          : Starting LibraryServiceApplication using Java 18.0.2 on MacBook-Pro.attlocal.net with PID 56632 (/Users/laurenceadams/programming/scaling-sniffle/library-service/target/classes started by laurenceadams in /Users/laurenceadams/programming/scaling-sniffle/library-service)
2023-11-11 17:34:19.014  INFO 56632 --- [main] c.e.l.LibraryServiceApplication          : No active profile set, falling back to 1 default profile: "default"
2023-11-11 17:34:20.043  INFO 56632 --- [main] .s.d.r.c.RepositoryConfigurationDelegate : Bootstrapping Spring Data JPA repositories in DEFAULT mode.
2023-11-11 17:34:20.149  INFO 56632 --- [main] .s.d.r.c.RepositoryConfigurationDelegate : Finished Spring Data repository scanning in 101 ms. Found 1 JPA repository interfaces.
2023-11-11 17:34:20.659  INFO 56632 --- [main] o.s.b.w.embedded.tomcat.TomcatWebServer  : Tomcat initialized with port(s): 8080 (http)
2023-11-11 17:34:20.665  INFO 56632 --- [main] o.apache.catalina.core.StandardService   : Starting service [Tomcat]
2023-11-11 17:34:20.666  INFO 56632 --- [main] org.apache.catalina.core.StandardEngine  : Starting Servlet engine: [Apache Tomcat/9.0.82]
2023-11-11 17:34:20.866  INFO 56632 --- [main] o.a.c.c.C.[Tomcat].[localhost].[/]       : Initializing Spring embedded WebApplicationContext
2023-11-11 17:34:20.866  INFO 56632 --- [main] w.s.c.ServletWebServerApplicationContext : Root WebApplicationContext: initialization completed in 1745 ms
2023-11-11 17:34:21.096  INFO 56632 --- [main] com.zaxxer.hikari.HikariDataSource       : HikariPool-1 - Starting...
2023-11-11 17:34:21.107  WARN 56632 --- [main] com.zaxxer.hikari.util.DriverDataSource  : Registered driver with driverClassName=com.mysql.jdbc.Driver was not found, trying direct instantiation.
2023-11-11 17:34:21.380  INFO 56632 --- [main] com.zaxxer.hikari.HikariDataSource       : HikariPool-1 - Start completed.
2023-11-11 17:34:21.566  INFO 56632 --- [main] o.hibernate.jpa.internal.util.LogHelper  : HHH000204: Processing PersistenceUnitInfo [name: default]
2023-11-11 17:34:21.604  INFO 56632 --- [main] org.hibernate.Version                    : HHH000412: Hibernate ORM core version 5.6.15.Final
2023-11-11 17:34:21.706  INFO 56632 --- [main] o.hibernate.annotations.common.Version   : HCANN000001: Hibernate Commons Annotations {5.1.2.Final}
2023-11-11 17:34:21.786  INFO 56632 --- [main] org.hibernate.dialect.Dialect            : HHH000400: Using dialect: org.hibernate.dialect.MySQL5InnoDBDialect
2023-11-11 17:34:22.131  INFO 56632 --- [main] o.h.e.t.j.p.i.JtaPlatformInitiator       : HHH000490: Using JtaPlatform implementation: [org.hibernate.engine.transaction.jta.platform.internal.NoJtaPlatform]
2023-11-11 17:34:22.137  INFO 56632 --- [main] j.LocalContainerEntityManagerFactoryBean : Initialized JPA EntityManagerFactory for persistence unit 'default'
2023-11-11 17:34:22.408  WARN 56632 --- [main] JpaBaseConfiguration$JpaWebConfiguration : spring.jpa.open-in-view is enabled by default. Therefore, database queries may be performed during view rendering. Explicitly configure spring.jpa.open-in-view to disable this warning
2023-11-11 17:34:22.852  INFO 56632 --- [main] o.s.b.a.e.web.EndpointLinksResolver      : Exposing 1 endpoint(s) beneath base path '/actuator'
2023-11-11 17:34:22.896  INFO 56632 --- [main] o.s.b.w.embedded.tomcat.TomcatWebServer  : Tomcat started on port(s): 8080 (http) with context path ''
2023-11-11 17:34:22.919  INFO 56632 --- [main] c.e.l.LibraryServiceApplication          : Started LibraryServiceApplication in 4.36 seconds (JVM running for 5.154)
2023-11-11 17:34:23.165  INFO 56632 --- [RMI TCP Connection(7)-192.168.1.238] o.a.c.c.C.[Tomcat].[localhost].[/]       : Initializing Spring DispatcherServlet 'dispatcherServlet'
2023-11-11 17:34:23.165  INFO 56632 --- [RMI TCP Connection(7)-192.168.1.238] o.s.web.servlet.DispatcherServlet        : Initializing Servlet 'dispatcherServlet'
2023-11-11 17:34:23.167  INFO 56632 --- [RMI TCP Connection(7)-192.168.1.238] o.s.web.servlet.DispatcherServlet        : Completed initialization in 2 ms
2023-11-11 17:34:42.817  INFO 56632 --- [SpringApplicationShutdownHook] j.LocalContainerEntityManagerFactoryBean : Closing JPA EntityManagerFactory for persistence unit 'default'
2023-11-11 17:34:42.821  INFO 56632 --- [SpringApplicationShutdownHook] com.zaxxer.hikari.HikariDataSource       : HikariPool-1 - Shutdown initiated...
2023-11-11 17:34:42.834  INFO 56632 --- [SpringApplicationShutdownHook] com.zaxxer.hikari.HikariDataSource       : HikariPool-1 - Shutdown completed.
