2023-11-12 22:04:16.632  INFO 87970 --- [main] com.example.demo.DemoApplication         : Starting DemoApplication using Java 18.0.2 on MacBook-Pro.attlocal.net with PID 87970 (/Users/laurenceadams/programming/scaling-sniffle/courses/target/classes started by laurenceadams in /Users/laurenceadams/programming/scaling-sniffle/courses)
2023-11-12 22:04:16.637  INFO 87970 --- [main] com.example.demo.DemoApplication         : No active profile set, falling back to 1 default profile: "default"
2023-11-12 22:04:17.597  INFO 87970 --- [main] .s.d.r.c.RepositoryConfigurationDelegate : Bootstrapping Spring Data JPA repositories in DEFAULT mode.
2023-11-12 22:04:17.709  INFO 87970 --- [main] .s.d.r.c.RepositoryConfigurationDelegate : Finished Spring Data repository scanning in 105 ms. Found 1 JPA repository interfaces.
2023-11-12 22:04:18.229  INFO 87970 --- [main] o.s.b.w.embedded.tomcat.TomcatWebServer  : Tomcat initialized with port(s): 8181 (http)
2023-11-12 22:04:18.235  INFO 87970 --- [main] o.apache.catalina.core.StandardService   : Starting service [Tomcat]
2023-11-12 22:04:18.235  INFO 87970 --- [main] org.apache.catalina.core.StandardEngine  : Starting Servlet engine: [Apache Tomcat/9.0.82]
2023-11-12 22:04:18.412  INFO 87970 --- [main] o.a.c.c.C.[Tomcat].[localhost].[/]       : Initializing Spring embedded WebApplicationContext
2023-11-12 22:04:18.413  INFO 87970 --- [main] w.s.c.ServletWebServerApplicationContext : Root WebApplicationContext: initialization completed in 1666 ms
2023-11-12 22:04:18.753  INFO 87970 --- [main] o.hibernate.jpa.internal.util.LogHelper  : HHH000204: Processing PersistenceUnitInfo [name: default]
2023-11-12 22:04:18.791  INFO 87970 --- [main] org.hibernate.Version                    : HHH000412: Hibernate ORM core version 5.6.15.Final
2023-11-12 22:04:18.887  INFO 87970 --- [main] o.hibernate.annotations.common.Version   : HCANN000001: Hibernate Commons Annotations {5.1.2.Final}
2023-11-12 22:04:18.945  INFO 87970 --- [main] com.zaxxer.hikari.HikariDataSource       : HikariPool-1 - Starting...
2023-11-12 22:04:18.948  WARN 87970 --- [main] com.zaxxer.hikari.util.DriverDataSource  : Registered driver with driverClassName=com.mysql.jdbc.Driver was not found, trying direct instantiation.
2023-11-12 22:04:19.288  INFO 87970 --- [main] com.zaxxer.hikari.HikariDataSource       : HikariPool-1 - Start completed.
2023-11-12 22:04:19.302  INFO 87970 --- [main] org.hibernate.dialect.Dialect            : HHH000400: Using dialect: org.hibernate.dialect.MySQL5InnoDBDialect
2023-11-12 22:04:19.712  INFO 87970 --- [main] o.h.e.t.j.p.i.JtaPlatformInitiator       : HHH000490: Using JtaPlatform implementation: [org.hibernate.engine.transaction.jta.platform.internal.NoJtaPlatform]
2023-11-12 22:04:19.719  INFO 87970 --- [main] j.LocalContainerEntityManagerFactoryBean : Initialized JPA EntityManagerFactory for persistence unit 'default'
2023-11-12 22:04:19.981  WARN 87970 --- [main] JpaBaseConfiguration$JpaWebConfiguration : spring.jpa.open-in-view is enabled by default. Therefore, database queries may be performed during view rendering. Explicitly configure spring.jpa.open-in-view to disable this warning
2023-11-12 22:04:20.405  INFO 87970 --- [main] o.s.b.a.e.web.EndpointLinksResolver      : Exposing 1 endpoint(s) beneath base path '/actuator'
2023-11-12 22:04:20.453  INFO 87970 --- [main] o.s.b.w.embedded.tomcat.TomcatWebServer  : Tomcat started on port(s): 8181 (http) with context path ''
2023-11-12 22:04:20.476  INFO 87970 --- [main] com.example.demo.DemoApplication         : Started DemoApplication in 4.26 seconds (JVM running for 5.025)
2023-11-12 22:04:20.933  INFO 87970 --- [RMI TCP Connection(2)-192.168.1.238] o.a.c.c.C.[Tomcat].[localhost].[/]       : Initializing Spring DispatcherServlet 'dispatcherServlet'
2023-11-12 22:04:20.933  INFO 87970 --- [RMI TCP Connection(2)-192.168.1.238] o.s.web.servlet.DispatcherServlet        : Initializing Servlet 'dispatcherServlet'
2023-11-12 22:04:20.935  INFO 87970 --- [RMI TCP Connection(2)-192.168.1.238] o.s.web.servlet.DispatcherServlet        : Completed initialization in 2 ms
2023-11-12 22:07:23.285  INFO 87970 --- [SpringApplicationShutdownHook] j.LocalContainerEntityManagerFactoryBean : Closing JPA EntityManagerFactory for persistence unit 'default'
2023-11-12 22:07:23.290  INFO 87970 --- [SpringApplicationShutdownHook] com.zaxxer.hikari.HikariDataSource       : HikariPool-1 - Shutdown initiated...
2023-11-12 22:07:23.300  INFO 87970 --- [SpringApplicationShutdownHook] com.zaxxer.hikari.HikariDataSource       : HikariPool-1 - Shutdown completed.
2023-11-12 22:07:27.823  INFO 88092 --- [main] com.example.demo.DemoApplication         : Starting DemoApplication using Java 18.0.2 on MacBook-Pro.attlocal.net with PID 88092 (/Users/laurenceadams/programming/scaling-sniffle/courses/target/classes started by laurenceadams in /Users/laurenceadams/programming/scaling-sniffle/courses)
2023-11-12 22:07:27.826  INFO 88092 --- [main] com.example.demo.DemoApplication         : No active profile set, falling back to 1 default profile: "default"
2023-11-12 22:07:28.909  INFO 88092 --- [main] .s.d.r.c.RepositoryConfigurationDelegate : Bootstrapping Spring Data JPA repositories in DEFAULT mode.
2023-11-12 22:07:29.043  INFO 88092 --- [main] .s.d.r.c.RepositoryConfigurationDelegate : Finished Spring Data repository scanning in 128 ms. Found 1 JPA repository interfaces.
2023-11-12 22:07:29.613  INFO 88092 --- [main] o.s.b.w.embedded.tomcat.TomcatWebServer  : Tomcat initialized with port(s): 8080 (http)
2023-11-12 22:07:29.620  INFO 88092 --- [main] o.apache.catalina.core.StandardService   : Starting service [Tomcat]
2023-11-12 22:07:29.620  INFO 88092 --- [main] org.apache.catalina.core.StandardEngine  : Starting Servlet engine: [Apache Tomcat/9.0.82]
2023-11-12 22:07:29.807  INFO 88092 --- [main] o.a.c.c.C.[Tomcat].[localhost].[/]       : Initializing Spring embedded WebApplicationContext
2023-11-12 22:07:29.808  INFO 88092 --- [main] w.s.c.ServletWebServerApplicationContext : Root WebApplicationContext: initialization completed in 1886 ms
2023-11-12 22:07:30.152  INFO 88092 --- [main] o.hibernate.jpa.internal.util.LogHelper  : HHH000204: Processing PersistenceUnitInfo [name: default]
2023-11-12 22:07:30.179  INFO 88092 --- [main] org.hibernate.Version                    : HHH000412: Hibernate ORM core version 5.6.15.Final
2023-11-12 22:07:30.271  INFO 88092 --- [main] o.hibernate.annotations.common.Version   : HCANN000001: Hibernate Commons Annotations {5.1.2.Final}
2023-11-12 22:07:30.332  INFO 88092 --- [main] com.zaxxer.hikari.HikariDataSource       : HikariPool-1 - Starting...
2023-11-12 22:07:30.336  WARN 88092 --- [main] com.zaxxer.hikari.util.DriverDataSource  : Registered driver with driverClassName=com.mysql.jdbc.Driver was not found, trying direct instantiation.
2023-11-12 22:07:30.675  INFO 88092 --- [main] com.zaxxer.hikari.HikariDataSource       : HikariPool-1 - Start completed.
2023-11-12 22:07:30.688  INFO 88092 --- [main] org.hibernate.dialect.Dialect            : HHH000400: Using dialect: org.hibernate.dialect.MySQL5InnoDBDialect
2023-11-12 22:07:31.101  INFO 88092 --- [main] o.h.e.t.j.p.i.JtaPlatformInitiator       : HHH000490: Using JtaPlatform implementation: [org.hibernate.engine.transaction.jta.platform.internal.NoJtaPlatform]
2023-11-12 22:07:31.107  INFO 88092 --- [main] j.LocalContainerEntityManagerFactoryBean : Initialized JPA EntityManagerFactory for persistence unit 'default'
2023-11-12 22:07:31.401  WARN 88092 --- [main] JpaBaseConfiguration$JpaWebConfiguration : spring.jpa.open-in-view is enabled by default. Therefore, database queries may be performed during view rendering. Explicitly configure spring.jpa.open-in-view to disable this warning
2023-11-12 22:07:31.850  INFO 88092 --- [main] o.s.b.a.e.web.EndpointLinksResolver      : Exposing 1 endpoint(s) beneath base path '/actuator'
2023-11-12 22:07:31.904  INFO 88092 --- [main] o.s.b.w.embedded.tomcat.TomcatWebServer  : Tomcat started on port(s): 8080 (http) with context path ''
2023-11-12 22:07:31.930  INFO 88092 --- [main] com.example.demo.DemoApplication         : Started DemoApplication in 4.561 seconds (JVM running for 5.357)
2023-11-12 22:07:32.534  INFO 88092 --- [RMI TCP Connection(5)-192.168.1.252] o.a.c.c.C.[Tomcat].[localhost].[/]       : Initializing Spring DispatcherServlet 'dispatcherServlet'
2023-11-12 22:07:32.534  INFO 88092 --- [RMI TCP Connection(5)-192.168.1.252] o.s.web.servlet.DispatcherServlet        : Initializing Servlet 'dispatcherServlet'
2023-11-12 22:07:32.536  INFO 88092 --- [RMI TCP Connection(5)-192.168.1.252] o.s.web.servlet.DispatcherServlet        : Completed initialization in 2 ms
2023-11-12 22:28:51.389  INFO 88092 --- [SpringApplicationShutdownHook] j.LocalContainerEntityManagerFactoryBean : Closing JPA EntityManagerFactory for persistence unit 'default'
2023-11-12 22:28:51.395  INFO 88092 --- [SpringApplicationShutdownHook] com.zaxxer.hikari.HikariDataSource       : HikariPool-1 - Shutdown initiated...
2023-11-12 22:28:51.413  INFO 88092 --- [SpringApplicationShutdownHook] com.zaxxer.hikari.HikariDataSource       : HikariPool-1 - Shutdown completed.
2023-11-12 22:28:55.642  INFO 88803 --- [main] com.example.demo.DemoApplication         : Starting DemoApplication using Java 18.0.2 on MacBook-Pro.attlocal.net with PID 88803 (/Users/laurenceadams/programming/scaling-sniffle/courses/target/classes started by laurenceadams in /Users/laurenceadams/programming/scaling-sniffle/courses)
2023-11-12 22:28:55.644  INFO 88803 --- [main] com.example.demo.DemoApplication         : No active profile set, falling back to 1 default profile: "default"
2023-11-12 22:28:56.654  INFO 88803 --- [main] .s.d.r.c.RepositoryConfigurationDelegate : Bootstrapping Spring Data JPA repositories in DEFAULT mode.
2023-11-12 22:28:56.756  INFO 88803 --- [main] .s.d.r.c.RepositoryConfigurationDelegate : Finished Spring Data repository scanning in 96 ms. Found 1 JPA repository interfaces.
2023-11-12 22:28:57.306  INFO 88803 --- [main] o.s.b.w.embedded.tomcat.TomcatWebServer  : Tomcat initialized with port(s): 8080 (http)
2023-11-12 22:28:57.312  INFO 88803 --- [main] o.apache.catalina.core.StandardService   : Starting service [Tomcat]
2023-11-12 22:28:57.312  INFO 88803 --- [main] org.apache.catalina.core.StandardEngine  : Starting Servlet engine: [Apache Tomcat/9.0.82]
2023-11-12 22:28:57.488  INFO 88803 --- [main] o.a.c.c.C.[Tomcat].[localhost].[/]       : Initializing Spring embedded WebApplicationContext
2023-11-12 22:28:57.489  INFO 88803 --- [main] w.s.c.ServletWebServerApplicationContext : Root WebApplicationContext: initialization completed in 1712 ms
2023-11-12 22:28:57.823  INFO 88803 --- [main] o.hibernate.jpa.internal.util.LogHelper  : HHH000204: Processing PersistenceUnitInfo [name: default]
2023-11-12 22:28:57.850  INFO 88803 --- [main] org.hibernate.Version                    : HHH000412: Hibernate ORM core version 5.6.15.Final
2023-11-12 22:28:57.939  INFO 88803 --- [main] o.hibernate.annotations.common.Version   : HCANN000001: Hibernate Commons Annotations {5.1.2.Final}
2023-11-12 22:28:57.993  INFO 88803 --- [main] com.zaxxer.hikari.HikariDataSource       : HikariPool-1 - Starting...
2023-11-12 22:28:57.996  WARN 88803 --- [main] com.zaxxer.hikari.util.DriverDataSource  : Registered driver with driverClassName=com.mysql.jdbc.Driver was not found, trying direct instantiation.
2023-11-12 22:28:58.328  INFO 88803 --- [main] com.zaxxer.hikari.HikariDataSource       : HikariPool-1 - Start completed.
2023-11-12 22:28:58.342  INFO 88803 --- [main] org.hibernate.dialect.Dialect            : HHH000400: Using dialect: org.hibernate.dialect.MySQL5InnoDBDialect
2023-11-12 22:28:58.760  INFO 88803 --- [main] o.h.e.t.j.p.i.JtaPlatformInitiator       : HHH000490: Using JtaPlatform implementation: [org.hibernate.engine.transaction.jta.platform.internal.NoJtaPlatform]
2023-11-12 22:28:58.765  INFO 88803 --- [main] j.LocalContainerEntityManagerFactoryBean : Initialized JPA EntityManagerFactory for persistence unit 'default'
2023-11-12 22:28:59.016  WARN 88803 --- [main] JpaBaseConfiguration$JpaWebConfiguration : spring.jpa.open-in-view is enabled by default. Therefore, database queries may be performed during view rendering. Explicitly configure spring.jpa.open-in-view to disable this warning
2023-11-12 22:28:59.422  INFO 88803 --- [main] o.s.b.a.e.web.EndpointLinksResolver      : Exposing 1 endpoint(s) beneath base path '/actuator'
2023-11-12 22:28:59.468  INFO 88803 --- [main] o.s.b.w.embedded.tomcat.TomcatWebServer  : Tomcat started on port(s): 8080 (http) with context path ''
2023-11-12 22:28:59.489  INFO 88803 --- [main] com.example.demo.DemoApplication         : Started DemoApplication in 4.285 seconds (JVM running for 5.024)
2023-11-12 22:28:59.969  INFO 88803 --- [RMI TCP Connection(1)-192.168.1.238] o.a.c.c.C.[Tomcat].[localhost].[/]       : Initializing Spring DispatcherServlet 'dispatcherServlet'
2023-11-12 22:28:59.970  INFO 88803 --- [RMI TCP Connection(1)-192.168.1.238] o.s.web.servlet.DispatcherServlet        : Initializing Servlet 'dispatcherServlet'
2023-11-12 22:28:59.971  INFO 88803 --- [RMI TCP Connection(1)-192.168.1.238] o.s.web.servlet.DispatcherServlet        : Completed initialization in 1 ms
2023-11-12 22:29:44.189  INFO 88803 --- [SpringApplicationShutdownHook] j.LocalContainerEntityManagerFactoryBean : Closing JPA EntityManagerFactory for persistence unit 'default'
2023-11-12 22:29:44.194  INFO 88803 --- [SpringApplicationShutdownHook] com.zaxxer.hikari.HikariDataSource       : HikariPool-1 - Shutdown initiated...
2023-11-12 22:29:44.221  INFO 88803 --- [SpringApplicationShutdownHook] com.zaxxer.hikari.HikariDataSource       : HikariPool-1 - Shutdown completed.
2023-11-12 22:29:48.779  INFO 88851 --- [main] com.example.demo.DemoApplication         : Starting DemoApplication using Java 18.0.2 on MacBook-Pro.attlocal.net with PID 88851 (/Users/laurenceadams/programming/scaling-sniffle/courses/target/classes started by laurenceadams in /Users/laurenceadams/programming/scaling-sniffle/courses)
2023-11-12 22:29:48.783  INFO 88851 --- [main] com.example.demo.DemoApplication         : No active profile set, falling back to 1 default profile: "default"
2023-11-12 22:29:49.852  INFO 88851 --- [main] .s.d.r.c.RepositoryConfigurationDelegate : Bootstrapping Spring Data JPA repositories in DEFAULT mode.
2023-11-12 22:29:49.964  INFO 88851 --- [main] .s.d.r.c.RepositoryConfigurationDelegate : Finished Spring Data repository scanning in 107 ms. Found 1 JPA repository interfaces.
2023-11-12 22:29:50.540  INFO 88851 --- [main] o.s.b.w.embedded.tomcat.TomcatWebServer  : Tomcat initialized with port(s): 8080 (http)
2023-11-12 22:29:50.546  INFO 88851 --- [main] o.apache.catalina.core.StandardService   : Starting service [Tomcat]
2023-11-12 22:29:50.547  INFO 88851 --- [main] org.apache.catalina.core.StandardEngine  : Starting Servlet engine: [Apache Tomcat/9.0.82]
2023-11-12 22:29:50.698  INFO 88851 --- [main] o.a.c.c.C.[Tomcat].[localhost].[/]       : Initializing Spring embedded WebApplicationContext
2023-11-12 22:29:50.699  INFO 88851 --- [main] w.s.c.ServletWebServerApplicationContext : Root WebApplicationContext: initialization completed in 1818 ms
2023-11-12 22:29:51.068  INFO 88851 --- [main] o.hibernate.jpa.internal.util.LogHelper  : HHH000204: Processing PersistenceUnitInfo [name: default]
2023-11-12 22:29:51.097  INFO 88851 --- [main] org.hibernate.Version                    : HHH000412: Hibernate ORM core version 5.6.15.Final
2023-11-12 22:29:51.196  INFO 88851 --- [main] o.hibernate.annotations.common.Version   : HCANN000001: Hibernate Commons Annotations {5.1.2.Final}
2023-11-12 22:29:51.257  INFO 88851 --- [main] com.zaxxer.hikari.HikariDataSource       : HikariPool-1 - Starting...
2023-11-12 22:29:51.261  WARN 88851 --- [main] com.zaxxer.hikari.util.DriverDataSource  : Registered driver with driverClassName=com.mysql.jdbc.Driver was not found, trying direct instantiation.
2023-11-12 22:29:51.602  INFO 88851 --- [main] com.zaxxer.hikari.HikariDataSource       : HikariPool-1 - Start completed.
2023-11-12 22:29:51.618  INFO 88851 --- [main] org.hibernate.dialect.Dialect            : HHH000400: Using dialect: org.hibernate.dialect.MySQL5InnoDBDialect
2023-11-12 22:29:52.088  INFO 88851 --- [main] o.h.e.t.j.p.i.JtaPlatformInitiator       : HHH000490: Using JtaPlatform implementation: [org.hibernate.engine.transaction.jta.platform.internal.NoJtaPlatform]
2023-11-12 22:29:52.095  INFO 88851 --- [main] j.LocalContainerEntityManagerFactoryBean : Initialized JPA EntityManagerFactory for persistence unit 'default'
2023-11-12 22:29:52.379  WARN 88851 --- [main] JpaBaseConfiguration$JpaWebConfiguration : spring.jpa.open-in-view is enabled by default. Therefore, database queries may be performed during view rendering. Explicitly configure spring.jpa.open-in-view to disable this warning
2023-11-12 22:29:52.864  INFO 88851 --- [main] o.s.b.a.e.web.EndpointLinksResolver      : Exposing 1 endpoint(s) beneath base path '/actuator'
2023-11-12 22:29:52.923  INFO 88851 --- [main] o.s.b.w.embedded.tomcat.TomcatWebServer  : Tomcat started on port(s): 8080 (http) with context path ''
2023-11-12 22:29:52.948  INFO 88851 --- [main] com.example.demo.DemoApplication         : Started DemoApplication in 4.635 seconds (JVM running for 5.425)
2023-11-12 22:29:53.451  INFO 88851 --- [RMI TCP Connection(3)-192.168.1.252] o.a.c.c.C.[Tomcat].[localhost].[/]       : Initializing Spring DispatcherServlet 'dispatcherServlet'
2023-11-12 22:29:53.451  INFO 88851 --- [RMI TCP Connection(3)-192.168.1.252] o.s.web.servlet.DispatcherServlet        : Initializing Servlet 'dispatcherServlet'
2023-11-12 22:29:53.453  INFO 88851 --- [RMI TCP Connection(3)-192.168.1.252] o.s.web.servlet.DispatcherServlet        : Completed initialization in 2 ms
2023-11-12 22:31:31.724 ERROR 88851 --- [http-nio-8080-exec-2] o.a.c.c.C.[.[.[/].[dispatcherServlet]    : Servlet.service() for servlet [dispatcherServlet] in context with path [] threw exception [Request processing failed; nested exception is org.springframework.orm.jpa.JpaSystemException: Null value was assigned to a property [class com.example.demo.AllCourseData.price] of primitive type setter of com.example.demo.AllCourseData.price; nested exception is org.hibernate.PropertyAccessException: Null value was assigned to a property [class com.example.demo.AllCourseData.price] of primitive type setter of com.example.demo.AllCourseData.price] with root cause

java.lang.IllegalArgumentException: Can not set int field com.example.demo.AllCourseData.price to null value
	at java.base/jdk.internal.reflect.FieldAccessorImpl.throwSetIllegalArgumentException(FieldAccessorImpl.java:228) ~[na:na]
	at java.base/jdk.internal.reflect.FieldAccessorImpl.throwSetIllegalArgumentException(FieldAccessorImpl.java:232) ~[na:na]
	at java.base/jdk.internal.reflect.MethodHandleIntegerFieldAccessorImpl.set(MethodHandleIntegerFieldAccessorImpl.java:111) ~[na:na]
	at java.base/java.lang.reflect.Field.set(Field.java:820) ~[na:na]
	at org.hibernate.property.access.spi.SetterFieldImpl.set(SetterFieldImpl.java:52) ~[hibernate-core-5.6.15.Final.jar:5.6.15.Final]
	at org.hibernate.tuple.entity.AbstractEntityTuplizer.setPropertyValues(AbstractEntityTuplizer.java:694) ~[hibernate-core-5.6.15.Final.jar:5.6.15.Final]
	at org.hibernate.tuple.entity.PojoEntityTuplizer.setPropertyValues(PojoEntityTuplizer.java:144) ~[hibernate-core-5.6.15.Final.jar:5.6.15.Final]
	at org.hibernate.persister.entity.AbstractEntityPersister.setPropertyValues(AbstractEntityPersister.java:5281) ~[hibernate-core-5.6.15.Final.jar:5.6.15.Final]
	at org.hibernate.engine.internal.TwoPhaseLoad.initializeEntityFromEntityEntryLoadedState(TwoPhaseLoad.java:253) ~[hibernate-core-5.6.15.Final.jar:5.6.15.Final]
	at org.hibernate.engine.internal.TwoPhaseLoad.initializeEntity(TwoPhaseLoad.java:156) ~[hibernate-core-5.6.15.Final.jar:5.6.15.Final]
	at org.hibernate.engine.internal.TwoPhaseLoad.initializeEntity(TwoPhaseLoad.java:126) ~[hibernate-core-5.6.15.Final.jar:5.6.15.Final]
	at org.hibernate.loader.Loader.initializeEntitiesAndCollections(Loader.java:1201) ~[hibernate-core-5.6.15.Final.jar:5.6.15.Final]
	at org.hibernate.loader.Loader.processResultSet(Loader.java:1009) ~[hibernate-core-5.6.15.Final.jar:5.6.15.Final]
	at org.hibernate.loader.Loader.doQuery(Loader.java:967) ~[hibernate-core-5.6.15.Final.jar:5.6.15.Final]
	at org.hibernate.loader.Loader.doQueryAndInitializeNonLazyCollections(Loader.java:357) ~[hibernate-core-5.6.15.Final.jar:5.6.15.Final]
	at org.hibernate.loader.Loader.doList(Loader.java:2868) ~[hibernate-core-5.6.15.Final.jar:5.6.15.Final]
	at org.hibernate.loader.Loader.doList(Loader.java:2850) ~[hibernate-core-5.6.15.Final.jar:5.6.15.Final]
	at org.hibernate.loader.Loader.listIgnoreQueryCache(Loader.java:2682) ~[hibernate-core-5.6.15.Final.jar:5.6.15.Final]
	at org.hibernate.loader.Loader.list(Loader.java:2677) ~[hibernate-core-5.6.15.Final.jar:5.6.15.Final]
	at org.hibernate.loader.hql.QueryLoader.list(QueryLoader.java:540) ~[hibernate-core-5.6.15.Final.jar:5.6.15.Final]
	at org.hibernate.hql.internal.ast.QueryTranslatorImpl.list(QueryTranslatorImpl.java:400) ~[hibernate-core-5.6.15.Final.jar:5.6.15.Final]
	at org.hibernate.engine.query.spi.HQLQueryPlan.performList(HQLQueryPlan.java:218) ~[hibernate-core-5.6.15.Final.jar:5.6.15.Final]
	at org.hibernate.internal.SessionImpl.list(SessionImpl.java:1459) ~[hibernate-core-5.6.15.Final.jar:5.6.15.Final]
	at org.hibernate.query.internal.AbstractProducedQuery.doList(AbstractProducedQuery.java:1649) ~[hibernate-core-5.6.15.Final.jar:5.6.15.Final]
	at org.hibernate.query.internal.AbstractProducedQuery.list(AbstractProducedQuery.java:1617) ~[hibernate-core-5.6.15.Final.jar:5.6.15.Final]
	at org.hibernate.query.Query.getResultList(Query.java:165) ~[hibernate-core-5.6.15.Final.jar:5.6.15.Final]
	at org.hibernate.query.criteria.internal.compile.CriteriaQueryTypeQueryAdapter.getResultList(CriteriaQueryTypeQueryAdapter.java:76) ~[hibernate-core-5.6.15.Final.jar:5.6.15.Final]
	at org.springframework.data.jpa.repository.support.SimpleJpaRepository.findAll(SimpleJpaRepository.java:427) ~[spring-data-jpa-2.7.17.jar:2.7.17]
	at org.springframework.data.jpa.repository.support.SimpleJpaRepository.findAll(SimpleJpaRepository.java:88) ~[spring-data-jpa-2.7.17.jar:2.7.17]
	at java.base/jdk.internal.reflect.DirectMethodHandleAccessor.invoke(DirectMethodHandleAccessor.java:104) ~[na:na]
	at java.base/java.lang.reflect.Method.invoke(Method.java:577) ~[na:na]
	at org.springframework.data.repository.core.support.RepositoryMethodInvoker$RepositoryFragmentMethodInvoker.lambda$new$0(RepositoryMethodInvoker.java:289) ~[spring-data-commons-2.7.17.jar:2.7.17]
	at org.springframework.data.repository.core.support.RepositoryMethodInvoker.doInvoke(RepositoryMethodInvoker.java:137) ~[spring-data-commons-2.7.17.jar:2.7.17]
	at org.springframework.data.repository.core.support.RepositoryMethodInvoker.invoke(RepositoryMethodInvoker.java:121) ~[spring-data-commons-2.7.17.jar:2.7.17]
	at org.springframework.data.repository.core.support.RepositoryComposition$RepositoryFragments.invoke(RepositoryComposition.java:530) ~[spring-data-commons-2.7.17.jar:2.7.17]
	at org.springframework.data.repository.core.support.RepositoryComposition.invoke(RepositoryComposition.java:286) ~[spring-data-commons-2.7.17.jar:2.7.17]
	at org.springframework.data.repository.core.support.RepositoryFactorySupport$ImplementationMethodExecutionInterceptor.invoke(RepositoryFactorySupport.java:640) ~[spring-data-commons-2.7.17.jar:2.7.17]
	at org.springframework.aop.framework.ReflectiveMethodInvocation.proceed(ReflectiveMethodInvocation.java:186) ~[spring-aop-5.3.30.jar:5.3.30]
	at org.springframework.data.repository.core.support.QueryExecutorMethodInterceptor.doInvoke(QueryExecutorMethodInterceptor.java:164) ~[spring-data-commons-2.7.17.jar:2.7.17]
	at org.springframework.data.repository.core.support.QueryExecutorMethodInterceptor.invoke(QueryExecutorMethodInterceptor.java:139) ~[spring-data-commons-2.7.17.jar:2.7.17]
	at org.springframework.aop.framework.ReflectiveMethodInvocation.proceed(ReflectiveMethodInvocation.java:186) ~[spring-aop-5.3.30.jar:5.3.30]
	at org.springframework.data.projection.DefaultMethodInvokingMethodInterceptor.invoke(DefaultMethodInvokingMethodInterceptor.java:76) ~[spring-data-commons-2.7.17.jar:2.7.17]
	at org.springframework.aop.framework.ReflectiveMethodInvocation.proceed(ReflectiveMethodInvocation.java:186) ~[spring-aop-5.3.30.jar:5.3.30]
	at org.springframework.transaction.interceptor.TransactionInterceptor$1.proceedWithInvocation(TransactionInterceptor.java:123) ~[spring-tx-5.3.30.jar:5.3.30]
	at org.springframework.transaction.interceptor.TransactionAspectSupport.invokeWithinTransaction(TransactionAspectSupport.java:388) ~[spring-tx-5.3.30.jar:5.3.30]
	at org.springframework.transaction.interceptor.TransactionInterceptor.invoke(TransactionInterceptor.java:119) ~[spring-tx-5.3.30.jar:5.3.30]
	at org.springframework.aop.framework.ReflectiveMethodInvocation.proceed(ReflectiveMethodInvocation.java:186) ~[spring-aop-5.3.30.jar:5.3.30]
	at org.springframework.dao.support.PersistenceExceptionTranslationInterceptor.invoke(PersistenceExceptionTranslationInterceptor.java:137) ~[spring-tx-5.3.30.jar:5.3.30]
	at org.springframework.aop.framework.ReflectiveMethodInvocation.proceed(ReflectiveMethodInvocation.java:186) ~[spring-aop-5.3.30.jar:5.3.30]
	at org.springframework.data.jpa.repository.support.CrudMethodMetadataPostProcessor$CrudMethodMetadataPopulatingMethodInterceptor.invoke(CrudMethodMetadataPostProcessor.java:174) ~[spring-data-jpa-2.7.17.jar:2.7.17]
	at org.springframework.aop.framework.ReflectiveMethodInvocation.proceed(ReflectiveMethodInvocation.java:186) ~[spring-aop-5.3.30.jar:5.3.30]
	at org.springframework.aop.interceptor.ExposeInvocationInterceptor.invoke(ExposeInvocationInterceptor.java:97) ~[spring-aop-5.3.30.jar:5.3.30]
	at org.springframework.aop.framework.ReflectiveMethodInvocation.proceed(ReflectiveMethodInvocation.java:186) ~[spring-aop-5.3.30.jar:5.3.30]
	at org.springframework.aop.framework.JdkDynamicAopProxy.invoke(JdkDynamicAopProxy.java:241) ~[spring-aop-5.3.30.jar:5.3.30]
	at jdk.proxy2/jdk.proxy2.$Proxy114.findAll(Unknown Source) ~[na:na]
	at com.example.demo.AllCourseDetailsController.GetCourses(AllCourseDetailsController.java:22) ~[classes/:na]
	at java.base/jdk.internal.reflect.DirectMethodHandleAccessor.invoke(DirectMethodHandleAccessor.java:104) ~[na:na]
	at java.base/java.lang.reflect.Method.invoke(Method.java:577) ~[na:na]
	at org.springframework.web.method.support.InvocableHandlerMethod.doInvoke(InvocableHandlerMethod.java:205) ~[spring-web-5.3.30.jar:5.3.30]
	at org.springframework.web.method.support.InvocableHandlerMethod.invokeForRequest(InvocableHandlerMethod.java:150) ~[spring-web-5.3.30.jar:5.3.30]
	at org.springframework.web.servlet.mvc.method.annotation.ServletInvocableHandlerMethod.invokeAndHandle(ServletInvocableHandlerMethod.java:117) ~[spring-webmvc-5.3.30.jar:5.3.30]
	at org.springframework.web.servlet.mvc.method.annotation.RequestMappingHandlerAdapter.invokeHandlerMethod(RequestMappingHandlerAdapter.java:895) ~[spring-webmvc-5.3.30.jar:5.3.30]
	at org.springframework.web.servlet.mvc.method.annotation.RequestMappingHandlerAdapter.handleInternal(RequestMappingHandlerAdapter.java:808) ~[spring-webmvc-5.3.30.jar:5.3.30]
	at org.springframework.web.servlet.mvc.method.AbstractHandlerMethodAdapter.handle(AbstractHandlerMethodAdapter.java:87) ~[spring-webmvc-5.3.30.jar:5.3.30]
	at org.springframework.web.servlet.DispatcherServlet.doDispatch(DispatcherServlet.java:1072) ~[spring-webmvc-5.3.30.jar:5.3.30]
	at org.springframework.web.servlet.DispatcherServlet.doService(DispatcherServlet.java:965) ~[spring-webmvc-5.3.30.jar:5.3.30]
	at org.springframework.web.servlet.FrameworkServlet.processRequest(FrameworkServlet.java:1006) ~[spring-webmvc-5.3.30.jar:5.3.30]
	at org.springframework.web.servlet.FrameworkServlet.doGet(FrameworkServlet.java:898) ~[spring-webmvc-5.3.30.jar:5.3.30]
	at javax.servlet.http.HttpServlet.service(HttpServlet.java:529) ~[tomcat-embed-core-9.0.82.jar:4.0.FR]
	at org.springframework.web.servlet.FrameworkServlet.service(FrameworkServlet.java:883) ~[spring-webmvc-5.3.30.jar:5.3.30]
	at javax.servlet.http.HttpServlet.service(HttpServlet.java:623) ~[tomcat-embed-core-9.0.82.jar:4.0.FR]
	at org.apache.catalina.core.ApplicationFilterChain.internalDoFilter(ApplicationFilterChain.java:209) ~[tomcat-embed-core-9.0.82.jar:9.0.82]
	at org.apache.catalina.core.ApplicationFilterChain.doFilter(ApplicationFilterChain.java:153) ~[tomcat-embed-core-9.0.82.jar:9.0.82]
	at org.apache.tomcat.websocket.server.WsFilter.doFilter(WsFilter.java:51) ~[tomcat-embed-websocket-9.0.82.jar:9.0.82]
	at org.apache.catalina.core.ApplicationFilterChain.internalDoFilter(ApplicationFilterChain.java:178) ~[tomcat-embed-core-9.0.82.jar:9.0.82]
	at org.apache.catalina.core.ApplicationFilterChain.doFilter(ApplicationFilterChain.java:153) ~[tomcat-embed-core-9.0.82.jar:9.0.82]
	at org.springframework.web.filter.RequestContextFilter.doFilterInternal(RequestContextFilter.java:100) ~[spring-web-5.3.30.jar:5.3.30]
	at org.springframework.web.filter.OncePerRequestFilter.doFilter(OncePerRequestFilter.java:117) ~[spring-web-5.3.30.jar:5.3.30]
	at org.apache.catalina.core.ApplicationFilterChain.internalDoFilter(ApplicationFilterChain.java:178) ~[tomcat-embed-core-9.0.82.jar:9.0.82]
	at org.apache.catalina.core.ApplicationFilterChain.doFilter(ApplicationFilterChain.java:153) ~[tomcat-embed-core-9.0.82.jar:9.0.82]
	at org.springframework.web.filter.FormContentFilter.doFilterInternal(FormContentFilter.java:93) ~[spring-web-5.3.30.jar:5.3.30]
	at org.springframework.web.filter.OncePerRequestFilter.doFilter(OncePerRequestFilter.java:117) ~[spring-web-5.3.30.jar:5.3.30]
	at org.apache.catalina.core.ApplicationFilterChain.internalDoFilter(ApplicationFilterChain.java:178) ~[tomcat-embed-core-9.0.82.jar:9.0.82]
	at org.apache.catalina.core.ApplicationFilterChain.doFilter(ApplicationFilterChain.java:153) ~[tomcat-embed-core-9.0.82.jar:9.0.82]
	at org.springframework.boot.actuate.metrics.web.servlet.WebMvcMetricsFilter.doFilterInternal(WebMvcMetricsFilter.java:96) ~[spring-boot-actuator-2.7.17.jar:2.7.17]
	at org.springframework.web.filter.OncePerRequestFilter.doFilter(OncePerRequestFilter.java:117) ~[spring-web-5.3.30.jar:5.3.30]
	at org.apache.catalina.core.ApplicationFilterChain.internalDoFilter(ApplicationFilterChain.java:178) ~[tomcat-embed-core-9.0.82.jar:9.0.82]
	at org.apache.catalina.core.ApplicationFilterChain.doFilter(ApplicationFilterChain.java:153) ~[tomcat-embed-core-9.0.82.jar:9.0.82]
	at org.springframework.web.filter.CharacterEncodingFilter.doFilterInternal(CharacterEncodingFilter.java:201) ~[spring-web-5.3.30.jar:5.3.30]
	at org.springframework.web.filter.OncePerRequestFilter.doFilter(OncePerRequestFilter.java:117) ~[spring-web-5.3.30.jar:5.3.30]
	at org.apache.catalina.core.ApplicationFilterChain.internalDoFilter(ApplicationFilterChain.java:178) ~[tomcat-embed-core-9.0.82.jar:9.0.82]
	at org.apache.catalina.core.ApplicationFilterChain.doFilter(ApplicationFilterChain.java:153) ~[tomcat-embed-core-9.0.82.jar:9.0.82]
	at org.apache.catalina.core.StandardWrapperValve.invoke(StandardWrapperValve.java:168) ~[tomcat-embed-core-9.0.82.jar:9.0.82]
	at org.apache.catalina.core.StandardContextValve.invoke(StandardContextValve.java:90) ~[tomcat-embed-core-9.0.82.jar:9.0.82]
	at org.apache.catalina.authenticator.AuthenticatorBase.invoke(AuthenticatorBase.java:481) ~[tomcat-embed-core-9.0.82.jar:9.0.82]
	at org.apache.catalina.core.StandardHostValve.invoke(StandardHostValve.java:130) ~[tomcat-embed-core-9.0.82.jar:9.0.82]
	at org.apache.catalina.valves.ErrorReportValve.invoke(ErrorReportValve.java:93) ~[tomcat-embed-core-9.0.82.jar:9.0.82]
	at org.apache.catalina.core.StandardEngineValve.invoke(StandardEngineValve.java:74) ~[tomcat-embed-core-9.0.82.jar:9.0.82]
	at org.apache.catalina.connector.CoyoteAdapter.service(CoyoteAdapter.java:342) ~[tomcat-embed-core-9.0.82.jar:9.0.82]
	at org.apache.coyote.http11.Http11Processor.service(Http11Processor.java:390) ~[tomcat-embed-core-9.0.82.jar:9.0.82]
	at org.apache.coyote.AbstractProcessorLight.process(AbstractProcessorLight.java:63) ~[tomcat-embed-core-9.0.82.jar:9.0.82]
	at org.apache.coyote.AbstractProtocol$ConnectionHandler.process(AbstractProtocol.java:928) ~[tomcat-embed-core-9.0.82.jar:9.0.82]
	at org.apache.tomcat.util.net.NioEndpoint$SocketProcessor.doRun(NioEndpoint.java:1794) ~[tomcat-embed-core-9.0.82.jar:9.0.82]
	at org.apache.tomcat.util.net.SocketProcessorBase.run(SocketProcessorBase.java:52) ~[tomcat-embed-core-9.0.82.jar:9.0.82]
	at org.apache.tomcat.util.threads.ThreadPoolExecutor.runWorker(ThreadPoolExecutor.java:1191) ~[tomcat-embed-core-9.0.82.jar:9.0.82]
	at org.apache.tomcat.util.threads.ThreadPoolExecutor$Worker.run(ThreadPoolExecutor.java:659) ~[tomcat-embed-core-9.0.82.jar:9.0.82]
	at org.apache.tomcat.util.threads.TaskThread$WrappingRunnable.run(TaskThread.java:61) ~[tomcat-embed-core-9.0.82.jar:9.0.82]
	at java.base/java.lang.Thread.run(Thread.java:833) ~[na:na]

2023-11-12 22:33:55.531  INFO 88851 --- [SpringApplicationShutdownHook] j.LocalContainerEntityManagerFactoryBean : Closing JPA EntityManagerFactory for persistence unit 'default'
2023-11-12 22:33:55.537  INFO 88851 --- [SpringApplicationShutdownHook] com.zaxxer.hikari.HikariDataSource       : HikariPool-1 - Shutdown initiated...
2023-11-12 22:33:55.552  INFO 88851 --- [SpringApplicationShutdownHook] com.zaxxer.hikari.HikariDataSource       : HikariPool-1 - Shutdown completed.
2023-11-12 22:33:59.793  INFO 89027 --- [main] com.example.demo.DemoApplication         : Starting DemoApplication using Java 18.0.2 on MacBook-Pro.attlocal.net with PID 89027 (/Users/laurenceadams/programming/scaling-sniffle/courses/target/classes started by laurenceadams in /Users/laurenceadams/programming/scaling-sniffle/courses)
2023-11-12 22:33:59.796  INFO 89027 --- [main] com.example.demo.DemoApplication         : No active profile set, falling back to 1 default profile: "default"
2023-11-12 22:34:00.735  INFO 89027 --- [main] .s.d.r.c.RepositoryConfigurationDelegate : Bootstrapping Spring Data JPA repositories in DEFAULT mode.
2023-11-12 22:34:00.837  INFO 89027 --- [main] .s.d.r.c.RepositoryConfigurationDelegate : Finished Spring Data repository scanning in 97 ms. Found 1 JPA repository interfaces.
2023-11-12 22:34:01.335  INFO 89027 --- [main] o.s.b.w.embedded.tomcat.TomcatWebServer  : Tomcat initialized with port(s): 8080 (http)
2023-11-12 22:34:01.341  INFO 89027 --- [main] o.apache.catalina.core.StandardService   : Starting service [Tomcat]
2023-11-12 22:34:01.341  INFO 89027 --- [main] org.apache.catalina.core.StandardEngine  : Starting Servlet engine: [Apache Tomcat/9.0.82]
2023-11-12 22:34:01.512  INFO 89027 --- [main] o.a.c.c.C.[Tomcat].[localhost].[/]       : Initializing Spring embedded WebApplicationContext
2023-11-12 22:34:01.512  INFO 89027 --- [main] w.s.c.ServletWebServerApplicationContext : Root WebApplicationContext: initialization completed in 1612 ms
2023-11-12 22:34:01.823  INFO 89027 --- [main] o.hibernate.jpa.internal.util.LogHelper  : HHH000204: Processing PersistenceUnitInfo [name: default]
2023-11-12 22:34:01.849  INFO 89027 --- [main] org.hibernate.Version                    : HHH000412: Hibernate ORM core version 5.6.15.Final
2023-11-12 22:34:01.935  INFO 89027 --- [main] o.hibernate.annotations.common.Version   : HCANN000001: Hibernate Commons Annotations {5.1.2.Final}
2023-11-12 22:34:01.995  INFO 89027 --- [main] com.zaxxer.hikari.HikariDataSource       : HikariPool-1 - Starting...
2023-11-12 22:34:01.998  WARN 89027 --- [main] com.zaxxer.hikari.util.DriverDataSource  : Registered driver with driverClassName=com.mysql.jdbc.Driver was not found, trying direct instantiation.
2023-11-12 22:34:02.326  INFO 89027 --- [main] com.zaxxer.hikari.HikariDataSource       : HikariPool-1 - Start completed.
2023-11-12 22:34:02.340  INFO 89027 --- [main] org.hibernate.dialect.Dialect            : HHH000400: Using dialect: org.hibernate.dialect.MySQL5InnoDBDialect
2023-11-12 22:34:02.739  INFO 89027 --- [main] o.h.e.t.j.p.i.JtaPlatformInitiator       : HHH000490: Using JtaPlatform implementation: [org.hibernate.engine.transaction.jta.platform.internal.NoJtaPlatform]
2023-11-12 22:34:02.748  INFO 89027 --- [main] j.LocalContainerEntityManagerFactoryBean : Initialized JPA EntityManagerFactory for persistence unit 'default'
2023-11-12 22:34:02.997  WARN 89027 --- [main] JpaBaseConfiguration$JpaWebConfiguration : spring.jpa.open-in-view is enabled by default. Therefore, database queries may be performed during view rendering. Explicitly configure spring.jpa.open-in-view to disable this warning
2023-11-12 22:34:03.459  INFO 89027 --- [main] o.s.b.a.e.web.EndpointLinksResolver      : Exposing 1 endpoint(s) beneath base path '/actuator'
2023-11-12 22:34:03.507  INFO 89027 --- [main] o.s.b.w.embedded.tomcat.TomcatWebServer  : Tomcat started on port(s): 8080 (http) with context path ''
2023-11-12 22:34:03.530  INFO 89027 --- [main] com.example.demo.DemoApplication         : Started DemoApplication in 4.175 seconds (JVM running for 4.892)
2023-11-12 22:34:04.102  INFO 89027 --- [RMI TCP Connection(1)-192.168.1.238] o.a.c.c.C.[Tomcat].[localhost].[/]       : Initializing Spring DispatcherServlet 'dispatcherServlet'
2023-11-12 22:34:04.103  INFO 89027 --- [RMI TCP Connection(1)-192.168.1.238] o.s.web.servlet.DispatcherServlet        : Initializing Servlet 'dispatcherServlet'
2023-11-12 22:34:04.104  INFO 89027 --- [RMI TCP Connection(1)-192.168.1.238] o.s.web.servlet.DispatcherServlet        : Completed initialization in 1 ms
